This file contains any messages produced by compilers while
running configure, to aid debugging if configure makes a mistake.

It was created by subversion configure , which was
generated by GNU Autoconf 2.69.  Invocation command line was

  $ ./configure --with-lz4=internal --with-utf8proc=internal

## --------- ##
## Platform. ##
## --------- ##

hostname = debian
uname -m = x86_64
uname -r = 5.10.0-6-amd64
uname -s = Linux
uname -v = #1 SMP Debian 5.10.28-1 (2021-04-09)

/usr/bin/uname -p = unknown
/bin/uname -X     = unknown

/bin/arch              = x86_64
/usr/bin/arch -k       = unknown
/usr/convex/getsysinfo = unknown
/usr/bin/hostinfo      = unknown
/bin/machine           = unknown
/usr/bin/oslevel       = unknown
/bin/universe          = unknown

PATH: /home/angelo/Documents/scripts
PATH: /home/angelo/.local/bin
PATH: /home/angelo/bin
PATH: /home/angelo/.local/kitty.app/bin
PATH: /usr/local/bin
PATH: /usr/bin
PATH: /bin
PATH: /usr/local/games
PATH: /usr/games
PATH: /home/angelo/Android/Sdk/emulator
PATH: /home/angelo/Android/Sdk/tools
PATH: /home/angelo/Android/Sdk/tools/bin
PATH: /home/angelo/Android/Sdk/platform-tools
PATH: /home/angelo/Android/Sdk/platform-tools/adb


## ----------- ##
## Core tests. ##
## ----------- ##

configure:2766: Configuring Subversion 
configure:2785: creating config.nice
configure:2856: checking for gcc
configure:2872: found /usr/bin/gcc
configure:2883: result: gcc
configure:3112: checking for C compiler version
configure:3121: gcc --version >&5
gcc (Debian 10.2.1-6) 10.2.1 20210110
Copyright (C) 2020 Free Software Foundation, Inc.
This is free software; see the source for copying conditions.  There is NO
warranty; not even for MERCHANTABILITY or FITNESS FOR A PARTICULAR PURPOSE.

configure:3132: $? = 0
configure:3121: gcc -v >&5
Using built-in specs.
COLLECT_GCC=gcc
COLLECT_LTO_WRAPPER=/usr/lib/gcc/x86_64-linux-gnu/10/lto-wrapper
OFFLOAD_TARGET_NAMES=nvptx-none:amdgcn-amdhsa:hsa
OFFLOAD_TARGET_DEFAULT=1
Target: x86_64-linux-gnu
Configured with: ../src/configure -v --with-pkgversion='Debian 10.2.1-6' --with-bugurl=file:///usr/share/doc/gcc-10/README.Bugs --enable-languages=c,ada,c++,go,brig,d,fortran,objc,obj-c++,m2 --prefix=/usr --with-gcc-major-version-only --program-suffix=-10 --program-prefix=x86_64-linux-gnu- --enable-shared --enable-linker-build-id --libexecdir=/usr/lib --without-included-gettext --enable-threads=posix --libdir=/usr/lib --enable-nls --enable-bootstrap --enable-clocale=gnu --enable-libstdcxx-debug --enable-libstdcxx-time=yes --with-default-libstdcxx-abi=new --enable-gnu-unique-object --disable-vtable-verify --enable-plugin --enable-default-pie --with-system-zlib --enable-libphobos-checking=release --with-target-system-zlib=auto --enable-objc-gc=auto --enable-multiarch --disable-werror --with-arch-32=i686 --with-abi=m64 --with-multilib-list=m32,m64,mx32 --enable-multilib --with-tune=generic --enable-offload-targets=nvptx-none=/build/gcc-10-Km9U7s/gcc-10-10.2.1/debian/tmp-nvptx/usr,amdgcn-amdhsa=/build/gcc-10-Km9U7s/gcc-10-10.2.1/debian/tmp-gcn/usr,hsa --without-cuda-driver --enable-checking=release --build=x86_64-linux-gnu --host=x86_64-linux-gnu --target=x86_64-linux-gnu --with-build-config=bootstrap-lto-lean --enable-link-mutex
Thread model: posix
Supported LTO compression algorithms: zlib zstd
gcc version 10.2.1 20210110 (Debian 10.2.1-6) 
... rest of stderr output deleted ...
configure:3132: $? = 0
configure:3121: gcc -V >&5
gcc: error: unrecognized command-line option '-V'
gcc: fatal error: no input files
compilation terminated.
configure:3132: $? = 1
configure:3121: gcc -qversion >&5
gcc: error: unrecognized command-line option '-qversion'; did you mean '--version'?
gcc: fatal error: no input files
compilation terminated.
configure:3132: $? = 1
configure:3152: checking whether the C compiler works
configure:3174: gcc    conftest.c  >&5
configure:3178: $? = 0
configure:3226: result: yes
configure:3229: checking for C compiler default output file name
configure:3231: result: a.out
configure:3237: checking for suffix of executables
configure:3244: gcc -o conftest    conftest.c  >&5
configure:3248: $? = 0
configure:3270: result: 
configure:3292: checking whether we are cross compiling
configure:3300: gcc -o conftest    conftest.c  >&5
configure:3304: $? = 0
configure:3311: ./conftest
configure:3315: $? = 0
configure:3330: result: no
configure:3335: checking for suffix of object files
configure:3357: gcc -c   conftest.c >&5
configure:3361: $? = 0
configure:3382: result: o
configure:3386: checking whether we are using the GNU C compiler
configure:3405: gcc -c   conftest.c >&5
configure:3405: $? = 0
configure:3414: result: yes
configure:3423: checking whether gcc accepts -g
configure:3443: gcc -c -g  conftest.c >&5
configure:3443: $? = 0
configure:3484: result: yes
configure:3501: checking for gcc option to accept ISO C89
configure:3564: gcc  -c -g -O2  conftest.c >&5
configure:3564: $? = 0
configure:3577: result: none needed
configure:3611: checking if gcc accepts -std=c90
configure:3618: gcc -o conftest -std=c90    conftest.c  >&5
configure:3618: $? = 0
configure:3620: result: yes
configure:3733: checking if gcc accepts -w
configure:3740: gcc -o conftest -w    conftest.c  >&5
configure:3740: $? = 0
configure:3742: result: yes
configure:3782: checking if gcc accepts -Werror=unknown-warning-option
configure:3789: gcc -o conftest -Werror=unknown-warning-option -g -O2   conftest.c  >&5
cc1: error: '-Werror=unknown-warning-option': no option '-Wunknown-warning-option'
configure:3789: $? = 1
configure: failed program was:
| /* confdefs.h */
| #define PACKAGE_NAME "subversion"
| #define PACKAGE_TARNAME "subversion"
| #define PACKAGE_VERSION ""
| #define PACKAGE_STRING "subversion "
| #define PACKAGE_BUGREPORT "http://subversion.apache.org/"
| #define PACKAGE_URL ""
| /* end confdefs.h.  */
| int main(void){return 0;}
configure:3797: result: no
configure:3875: checking for g++
configure:3891: found /usr/bin/g++
configure:3902: result: g++
configure:3929: checking for C++ compiler version
configure:3938: g++ --version >&5
g++ (Debian 10.2.1-6) 10.2.1 20210110
Copyright (C) 2020 Free Software Foundation, Inc.
This is free software; see the source for copying conditions.  There is NO
warranty; not even for MERCHANTABILITY or FITNESS FOR A PARTICULAR PURPOSE.

configure:3949: $? = 0
configure:3938: g++ -v >&5
Using built-in specs.
COLLECT_GCC=g++
COLLECT_LTO_WRAPPER=/usr/lib/gcc/x86_64-linux-gnu/10/lto-wrapper
OFFLOAD_TARGET_NAMES=nvptx-none:amdgcn-amdhsa:hsa
OFFLOAD_TARGET_DEFAULT=1
Target: x86_64-linux-gnu
Configured with: ../src/configure -v --with-pkgversion='Debian 10.2.1-6' --with-bugurl=file:///usr/share/doc/gcc-10/README.Bugs --enable-languages=c,ada,c++,go,brig,d,fortran,objc,obj-c++,m2 --prefix=/usr --with-gcc-major-version-only --program-suffix=-10 --program-prefix=x86_64-linux-gnu- --enable-shared --enable-linker-build-id --libexecdir=/usr/lib --without-included-gettext --enable-threads=posix --libdir=/usr/lib --enable-nls --enable-bootstrap --enable-clocale=gnu --enable-libstdcxx-debug --enable-libstdcxx-time=yes --with-default-libstdcxx-abi=new --enable-gnu-unique-object --disable-vtable-verify --enable-plugin --enable-default-pie --with-system-zlib --enable-libphobos-checking=release --with-target-system-zlib=auto --enable-objc-gc=auto --enable-multiarch --disable-werror --with-arch-32=i686 --with-abi=m64 --with-multilib-list=m32,m64,mx32 --enable-multilib --with-tune=generic --enable-offload-targets=nvptx-none=/build/gcc-10-Km9U7s/gcc-10-10.2.1/debian/tmp-nvptx/usr,amdgcn-amdhsa=/build/gcc-10-Km9U7s/gcc-10-10.2.1/debian/tmp-gcn/usr,hsa --without-cuda-driver --enable-checking=release --build=x86_64-linux-gnu --host=x86_64-linux-gnu --target=x86_64-linux-gnu --with-build-config=bootstrap-lto-lean --enable-link-mutex
Thread model: posix
Supported LTO compression algorithms: zlib zstd
gcc version 10.2.1 20210110 (Debian 10.2.1-6) 
... rest of stderr output deleted ...
configure:3949: $? = 0
configure:3938: g++ -V >&5
g++: error: unrecognized command-line option '-V'
g++: fatal error: no input files
compilation terminated.
configure:3949: $? = 1
configure:3938: g++ -qversion >&5
g++: error: unrecognized command-line option '-qversion'; did you mean '--version'?
g++: fatal error: no input files
compilation terminated.
configure:3949: $? = 1
configure:3953: checking whether we are using the GNU C++ compiler
configure:3972: g++ -c   conftest.cpp >&5
configure:3972: $? = 0
configure:3981: result: yes
configure:3990: checking whether g++ accepts -g
configure:4010: g++ -c -g  conftest.cpp >&5
configure:4010: $? = 0
configure:4051: result: yes
configure:4088: checking if g++ accepts -std=c++11
configure:4095: g++ -o conftest -std=c++11    conftest.cpp  >&5
configure:4095: $? = 0
configure:4097: result: yes
configure:4132: checking if g++ accepts -w
configure:4139: g++ -o conftest -w    conftest.cpp  >&5
configure:4139: $? = 0
configure:4141: result: yes
configure:4181: checking if g++ accepts -Werror=unknown-warning-option
configure:4188: g++ -o conftest -Werror=unknown-warning-option -g -O2   conftest.cpp  >&5
cc1plus: error: '-Werror=unknown-warning-option': no option '-Wunknown-warning-option'
configure:4188: $? = 1
configure: failed program was:
| /* confdefs.h */
| #define PACKAGE_NAME "subversion"
| #define PACKAGE_TARNAME "subversion"
| #define PACKAGE_VERSION ""
| #define PACKAGE_STRING "subversion "
| #define PACKAGE_BUGREPORT "http://subversion.apache.org/"
| #define PACKAGE_URL ""
| /* end confdefs.h.  */
| int main(){}
configure:4196: result: no
configure:4220: checking how to run the C preprocessor
configure:4251: gcc -E  conftest.c
configure:4251: $? = 0
configure:4265: gcc -E  conftest.c
conftest.c:9:10: fatal error: ac_nonexistent.h: No such file or directory
    9 | #include <ac_nonexistent.h>
      |          ^~~~~~~~~~~~~~~~~~
compilation terminated.
configure:4265: $? = 1
configure: failed program was:
| /* confdefs.h */
| #define PACKAGE_NAME "subversion"
| #define PACKAGE_TARNAME "subversion"
| #define PACKAGE_VERSION ""
| #define PACKAGE_STRING "subversion "
| #define PACKAGE_BUGREPORT "http://subversion.apache.org/"
| #define PACKAGE_URL ""
| /* end confdefs.h.  */
| #include <ac_nonexistent.h>
configure:4290: result: gcc -E
configure:4310: gcc -E  conftest.c
configure:4310: $? = 0
configure:4324: gcc -E  conftest.c
conftest.c:9:10: fatal error: ac_nonexistent.h: No such file or directory
    9 | #include <ac_nonexistent.h>
      |          ^~~~~~~~~~~~~~~~~~
compilation terminated.
configure:4324: $? = 1
configure: failed program was:
| /* confdefs.h */
| #define PACKAGE_NAME "subversion"
| #define PACKAGE_TARNAME "subversion"
| #define PACKAGE_VERSION ""
| #define PACKAGE_STRING "subversion "
| #define PACKAGE_BUGREPORT "http://subversion.apache.org/"
| #define PACKAGE_URL ""
| /* end confdefs.h.  */
| #include <ac_nonexistent.h>
configure:4355: checking for a sed that does not truncate output
configure:4419: result: /usr/bin/sed
configure:4430: checking build system type
configure:4444: result: x86_64-pc-linux-gnu
configure:4464: checking host system type
configure:4477: result: x86_64-pc-linux-gnu
configure:4497: checking target system type
configure:4510: result: x86_64-pc-linux-gnu
configure:4538: checking for grep that handles long lines and -e
configure:4596: result: /usr/bin/grep
configure:4601: checking for egrep
configure:4663: result: /usr/bin/grep -E
configure:4669: checking whether ln -s works
configure:4673: result: yes
configure:4695: checking for a BSD-compatible install
configure:4763: result: /usr/bin/install -c
configure:4794: Apache Portable Runtime (APR) library configuration
configure:4822: checking for APR
configure:4901: result: yes
configure:4926: checking APR version
configure:4932: result: 1.7.0
configure:5047: Apache Portable Runtime Utility (APRUTIL) library configuration
configure:5075: checking for APR-util
configure:5154: result: yes
configure:5175: checking APRUTIL version
configure:5189: result: 1.6.1
configure:5293: checking for pkg-config
configure:5311: found /usr/bin/pkg-config
configure:5323: result: /usr/bin/pkg-config
configure:5333: checking for ANSI C header files
configure:5353: gcc -c -g -O2  -g -O2 -pthread   -DLINUX -D_REENTRANT -D_GNU_SOURCE conftest.c >&5
configure:5353: $? = 0
configure:5426: gcc -o conftest -g -O2  -g -O2 -pthread   -DLINUX -D_REENTRANT -D_GNU_SOURCE    conftest.c  >&5
configure:5426: $? = 0
configure:5426: ./conftest
configure:5426: $? = 0
configure:5437: result: yes
configure:5450: checking for sys/types.h
configure:5450: gcc -c -g -O2  -g -O2 -pthread   -DLINUX -D_REENTRANT -D_GNU_SOURCE conftest.c >&5
configure:5450: $? = 0
configure:5450: result: yes
configure:5450: checking for sys/stat.h
configure:5450: gcc -c -g -O2  -g -O2 -pthread   -DLINUX -D_REENTRANT -D_GNU_SOURCE conftest.c >&5
configure:5450: $? = 0
configure:5450: result: yes
configure:5450: checking for stdlib.h
configure:5450: gcc -c -g -O2  -g -O2 -pthread   -DLINUX -D_REENTRANT -D_GNU_SOURCE conftest.c >&5
configure:5450: $? = 0
configure:5450: result: yes
configure:5450: checking for string.h
configure:5450: gcc -c -g -O2  -g -O2 -pthread   -DLINUX -D_REENTRANT -D_GNU_SOURCE conftest.c >&5
configure:5450: $? = 0
configure:5450: result: yes
configure:5450: checking for memory.h
configure:5450: gcc -c -g -O2  -g -O2 -pthread   -DLINUX -D_REENTRANT -D_GNU_SOURCE conftest.c >&5
configure:5450: $? = 0
configure:5450: result: yes
configure:5450: checking for strings.h
configure:5450: gcc -c -g -O2  -g -O2 -pthread   -DLINUX -D_REENTRANT -D_GNU_SOURCE conftest.c >&5
configure:5450: $? = 0
configure:5450: result: yes
configure:5450: checking for inttypes.h
configure:5450: gcc -c -g -O2  -g -O2 -pthread   -DLINUX -D_REENTRANT -D_GNU_SOURCE conftest.c >&5
configure:5450: $? = 0
configure:5450: result: yes
configure:5450: checking for stdint.h
configure:5450: gcc -c -g -O2  -g -O2 -pthread   -DLINUX -D_REENTRANT -D_GNU_SOURCE conftest.c >&5
configure:5450: $? = 0
configure:5450: result: yes
configure:5450: checking for unistd.h
configure:5450: gcc -c -g -O2  -g -O2 -pthread   -DLINUX -D_REENTRANT -D_GNU_SOURCE conftest.c >&5
configure:5450: $? = 0
configure:5450: result: yes
configure:5490: serf library configuration via pkg-config
configure:5494: checking for serf-2 library
configure:5534: result: no
configure:5494: checking for serf-1 library
configure:5534: result: no
configure:5686: checking was serf enabled
configure:5692: result: no
configure:5788: looking for apr_memcache as part of apr-util
configure:5792: checking apr_memcache.h usability
configure:5792: gcc -c -g -O2  -g -O2 -pthread   -DLINUX -D_REENTRANT -D_GNU_SOURCE  -I/usr/local/apr/include/apr-1   -I/usr/local/apr/include/apr-1  conftest.c >&5
configure:5792: $? = 0
configure:5792: result: yes
configure:5792: checking apr_memcache.h presence
configure:5792: gcc -E   -DLINUX -D_REENTRANT -D_GNU_SOURCE  -I/usr/local/apr/include/apr-1   -I/usr/local/apr/include/apr-1  conftest.c
configure:5792: $? = 0
configure:5792: result: yes
configure:5792: checking for apr_memcache.h
configure:5792: result: yes
configure:5797: checking for apr_memcache_create in -laprutil-1
configure:5822: gcc -o conftest -g -O2  -g -O2 -pthread   -DLINUX -D_REENTRANT -D_GNU_SOURCE  -I/usr/local/apr/include/apr-1   -I/usr/local/apr/include/apr-1     -L/usr/local/apr/lib -laprutil-1 conftest.c -laprutil-1   >&5
configure:5822: $? = 0
configure:5831: result: yes
configure:5888: checking for Apache module support via DSO through APXS
configure:5958: result: no
configure:6192: checking sqlite library
configure:6643: checking sqlite amalgamation
configure:6649: result: yes
configure:6651: checking sqlite amalgamation file version
configure:6663: result: amalgamation found and is okay
configure:6720: checking for shl_load
configure:6720: gcc -o conftest -g -O2  -g -O2 -pthread   -DLINUX -D_REENTRANT -D_GNU_SOURCE    conftest.c  >&5
/usr/bin/ld: /tmp/ccEtfpVl.o: in function `main':
/home/angelo/Documents/source/subversion-1.14.1/conftest.c:55: undefined reference to `shl_load'
collect2: error: ld returned 1 exit status
configure:6720: $? = 1
configure: failed program was:
| /* confdefs.h */
| #define PACKAGE_NAME "subversion"
| #define PACKAGE_TARNAME "subversion"
| #define PACKAGE_VERSION ""
| #define PACKAGE_STRING "subversion "
| #define PACKAGE_BUGREPORT "http://subversion.apache.org/"
| #define PACKAGE_URL ""
| #define SVN_SOVERSION 0
| #define STDC_HEADERS 1
| #define HAVE_SYS_TYPES_H 1
| #define HAVE_SYS_STAT_H 1
| #define HAVE_STDLIB_H 1
| #define HAVE_STRING_H 1
| #define HAVE_MEMORY_H 1
| #define HAVE_STRINGS_H 1
| #define HAVE_INTTYPES_H 1
| #define HAVE_STDINT_H 1
| #define HAVE_UNISTD_H 1
| #define SVN_HAVE_MEMCACHE 1
| /* end confdefs.h.  */
| /* Define shl_load to an innocuous variant, in case <limits.h> declares shl_load.
|    For example, HP-UX 11i <limits.h> declares gettimeofday.  */
| #define shl_load innocuous_shl_load
| 
| /* System header to define __stub macros and hopefully few prototypes,
|     which can conflict with char shl_load (); below.
|     Prefer <limits.h> to <assert.h> if __STDC__ is defined, since
|     <limits.h> exists even on freestanding compilers.  */
| 
| #ifdef __STDC__
| # include <limits.h>
| #else
| # include <assert.h>
| #endif
| 
| #undef shl_load
| 
| /* Override any GCC internal prototype to avoid an error.
|    Use char because int might match the return type of a GCC
|    builtin and then its argument prototype would still apply.  */
| #ifdef __cplusplus
| extern "C"
| #endif
| char shl_load ();
| /* The GNU C library defines this for functions which it implements
|     to always fail with ENOSYS.  Some functions are actually named
|     something starting with __ and the normal name is an alias.  */
| #if defined __stub_shl_load || defined __stub___shl_load
| choke me
| #endif
| 
| int
| main ()
| {
| return shl_load ();
|   ;
|   return 0;
| }
configure:6720: result: no
configure:6724: checking for shl_load in -ldld
configure:6749: gcc -o conftest -g -O2  -g -O2 -pthread   -DLINUX -D_REENTRANT -D_GNU_SOURCE    conftest.c -ldld   >&5
/usr/bin/ld: cannot find -ldld
collect2: error: ld returned 1 exit status
configure:6749: $? = 1
configure: failed program was:
| /* confdefs.h */
| #define PACKAGE_NAME "subversion"
| #define PACKAGE_TARNAME "subversion"
| #define PACKAGE_VERSION ""
| #define PACKAGE_STRING "subversion "
| #define PACKAGE_BUGREPORT "http://subversion.apache.org/"
| #define PACKAGE_URL ""
| #define SVN_SOVERSION 0
| #define STDC_HEADERS 1
| #define HAVE_SYS_TYPES_H 1
| #define HAVE_SYS_STAT_H 1
| #define HAVE_STDLIB_H 1
| #define HAVE_STRING_H 1
| #define HAVE_MEMORY_H 1
| #define HAVE_STRINGS_H 1
| #define HAVE_INTTYPES_H 1
| #define HAVE_STDINT_H 1
| #define HAVE_UNISTD_H 1
| #define SVN_HAVE_MEMCACHE 1
| /* end confdefs.h.  */
| 
| /* Override any GCC internal prototype to avoid an error.
|    Use char because int might match the return type of a GCC
|    builtin and then its argument prototype would still apply.  */
| #ifdef __cplusplus
| extern "C"
| #endif
| char shl_load ();
| int
| main ()
| {
| return shl_load ();
|   ;
|   return 0;
| }
configure:6758: result: no
configure:6763: checking for dlopen
configure:6763: gcc -o conftest -g -O2  -g -O2 -pthread   -DLINUX -D_REENTRANT -D_GNU_SOURCE    conftest.c  >&5
/usr/bin/ld: /tmp/ccWIxHkq.o: in function `main':
/home/angelo/Documents/source/subversion-1.14.1/conftest.c:55: undefined reference to `dlopen'
collect2: error: ld returned 1 exit status
configure:6763: $? = 1
configure: failed program was:
| /* confdefs.h */
| #define PACKAGE_NAME "subversion"
| #define PACKAGE_TARNAME "subversion"
| #define PACKAGE_VERSION ""
| #define PACKAGE_STRING "subversion "
| #define PACKAGE_BUGREPORT "http://subversion.apache.org/"
| #define PACKAGE_URL ""
| #define SVN_SOVERSION 0
| #define STDC_HEADERS 1
| #define HAVE_SYS_TYPES_H 1
| #define HAVE_SYS_STAT_H 1
| #define HAVE_STDLIB_H 1
| #define HAVE_STRING_H 1
| #define HAVE_MEMORY_H 1
| #define HAVE_STRINGS_H 1
| #define HAVE_INTTYPES_H 1
| #define HAVE_STDINT_H 1
| #define HAVE_UNISTD_H 1
| #define SVN_HAVE_MEMCACHE 1
| /* end confdefs.h.  */
| /* Define dlopen to an innocuous variant, in case <limits.h> declares dlopen.
|    For example, HP-UX 11i <limits.h> declares gettimeofday.  */
| #define dlopen innocuous_dlopen
| 
| /* System header to define __stub macros and hopefully few prototypes,
|     which can conflict with char dlopen (); below.
|     Prefer <limits.h> to <assert.h> if __STDC__ is defined, since
|     <limits.h> exists even on freestanding compilers.  */
| 
| #ifdef __STDC__
| # include <limits.h>
| #else
| # include <assert.h>
| #endif
| 
| #undef dlopen
| 
| /* Override any GCC internal prototype to avoid an error.
|    Use char because int might match the return type of a GCC
|    builtin and then its argument prototype would still apply.  */
| #ifdef __cplusplus
| extern "C"
| #endif
| char dlopen ();
| /* The GNU C library defines this for functions which it implements
|     to always fail with ENOSYS.  Some functions are actually named
|     something starting with __ and the normal name is an alias.  */
| #if defined __stub_dlopen || defined __stub___dlopen
| choke me
| #endif
| 
| int
| main ()
| {
| return dlopen ();
|   ;
|   return 0;
| }
configure:6763: result: no
configure:6767: checking for dlopen in -ldl
configure:6792: gcc -o conftest -g -O2  -g -O2 -pthread   -DLINUX -D_REENTRANT -D_GNU_SOURCE    conftest.c -ldl   >&5
configure:6792: $? = 0
configure:6801: result: yes
configure:6903: checking additional libraries for sqlite
configure:6906: result: -ldl
configure:7442: checking whether the compiler provides atomic builtins
configure:7489: gcc -o conftest -g -O2  -g -O2 -pthread   -DLINUX -D_REENTRANT -D_GNU_SOURCE    conftest.c  >&5
configure:7489: $? = 0
configure:7489: ./conftest
configure:7489: $? = 0
configure:7499: result: yes
configure:7559: configuring libtool now
configure:7607: checking how to print strings
configure:7634: result: printf
configure:7655: checking for a sed that does not truncate output
configure:7719: result: /usr/bin/sed
configure:7737: checking for fgrep
configure:7799: result: /usr/bin/grep -F
configure:7834: checking for ld used by gcc
configure:7901: result: /usr/bin/ld
configure:7908: checking if the linker (/usr/bin/ld) is GNU ld
configure:7923: result: yes
configure:7935: checking for BSD- or MS-compatible name lister (nm)
configure:7989: result: /usr/bin/nm -B
configure:8119: checking the name lister (/usr/bin/nm -B) interface
configure:8126: gcc -c -g -O2  -g -O2 -pthread   -DLINUX -D_REENTRANT -D_GNU_SOURCE conftest.c >&5
configure:8129: /usr/bin/nm -B "conftest.o"
configure:8132: output
0000000000000000 B some_variable
configure:8139: result: BSD nm
configure:8143: checking the maximum length of command line arguments
configure:8274: result: 1572864
configure:8322: checking how to convert x86_64-pc-linux-gnu file names to x86_64-pc-linux-gnu format
configure:8362: result: func_convert_file_noop
configure:8369: checking how to convert x86_64-pc-linux-gnu file names to toolchain format
configure:8389: result: func_convert_file_noop
configure:8396: checking for /usr/bin/ld option to reload object files
configure:8403: result: -r
configure:8477: checking for objdump
configure:8493: found /usr/bin/objdump
configure:8504: result: objdump
configure:8536: checking how to recognize dependent libraries
configure:8736: result: pass_all
configure:8821: checking for dlltool
configure:8851: result: no
configure:8881: checking how to associate runtime and link libraries
configure:8908: result: printf %s\n
configure:8968: checking for ar
configure:8984: found /usr/bin/ar
configure:8995: result: ar
configure:9032: checking for archiver @FILE support
configure:9049: gcc -c -g -O2  -g -O2 -pthread   -DLINUX -D_REENTRANT -D_GNU_SOURCE conftest.c >&5
configure:9049: $? = 0
configure:9052: ar cr libconftest.a @conftest.lst >&5
configure:9055: $? = 0
configure:9060: ar cr libconftest.a @conftest.lst >&5
ar: conftest.o: No such file or directory
configure:9063: $? = 1
configure:9075: result: @
configure:9133: checking for strip
configure:9149: found /usr/bin/strip
configure:9160: result: strip
configure:9232: checking for ranlib
configure:9248: found /usr/bin/ranlib
configure:9259: result: ranlib
configure:9336: checking for gawk
configure:9352: found /usr/bin/gawk
configure:9363: result: gawk
configure:9403: checking command to parse /usr/bin/nm -B output from gcc object
configure:9556: gcc -c -g -O2  -g -O2 -pthread   -DLINUX -D_REENTRANT -D_GNU_SOURCE conftest.c >&5
configure:9559: $? = 0
configure:9563: /usr/bin/nm -B conftest.o | sed -n -e 's/^.*[	 ]\([ABCDGIRSTW][ABCDGIRSTW]*\)[	 ][	 ]*\([_A-Za-z][_A-Za-z0-9]*\)$/\1 \2 \2/p' | sed '/ __gnu_lto/d' > conftest.nm
configure:9629: gcc -o conftest -g -O2  -g -O2 -pthread   -DLINUX -D_REENTRANT -D_GNU_SOURCE    conftest.c conftstm.o >&5
configure:9632: $? = 0
configure:9670: result: ok
configure:9717: checking for sysroot
configure:9747: result: no
configure:9754: checking for a working dd
configure:9792: result: /usr/bin/dd
configure:9796: checking how to truncate binary pipes
configure:9811: result: /usr/bin/dd bs=4096 count=1
configure:9947: gcc -c -g -O2  -g -O2 -pthread   -DLINUX -D_REENTRANT -D_GNU_SOURCE conftest.c >&5
configure:9950: $? = 0
configure:10140: checking for mt
configure:10156: found /usr/bin/mt
configure:10167: result: mt
configure:10190: checking if mt is a manifest tool
configure:10196: mt '-?'
configure:10204: result: no
configure:10878: checking for dlfcn.h
configure:10878: gcc -c -g -O2  -g -O2 -pthread   -DLINUX -D_REENTRANT -D_GNU_SOURCE conftest.c >&5
configure:10878: $? = 0
configure:10878: result: yes
configure:11144: checking for objdir
configure:11159: result: .libs
configure:11423: checking if gcc supports -fno-rtti -fno-exceptions
configure:11441: gcc -c -g -O2  -g -O2 -pthread   -DLINUX -D_REENTRANT -D_GNU_SOURCE -fno-rtti -fno-exceptions conftest.c >&5
cc1: warning: command-line option '-fno-rtti' is valid for C++/D/ObjC++ but not for C
configure:11445: $? = 0
configure:11458: result: no
configure:11822: checking for gcc option to produce PIC
configure:11829: result: -fPIC -DPIC
configure:11837: checking if gcc PIC flag -fPIC -DPIC works
configure:11855: gcc -c -g -O2  -g -O2 -pthread   -DLINUX -D_REENTRANT -D_GNU_SOURCE -fPIC -DPIC -DPIC conftest.c >&5
configure:11859: $? = 0
configure:11872: result: yes
configure:11901: checking if gcc static flag -static works
configure:11929: result: yes
configure:11944: checking if gcc supports -c -o file.o
configure:11965: gcc -c -g -O2  -g -O2 -pthread   -DLINUX -D_REENTRANT -D_GNU_SOURCE -o out/conftest2.o conftest.c >&5
configure:11969: $? = 0
configure:11991: result: yes
configure:11999: checking if gcc supports -c -o file.o
configure:12046: result: yes
configure:12079: checking whether the gcc linker (/usr/bin/ld -m elf_x86_64) supports shared libraries
configure:13342: result: yes
configure:13379: checking whether -lc should be explicitly linked in
configure:13387: gcc -c -g -O2  -g -O2 -pthread   -DLINUX -D_REENTRANT -D_GNU_SOURCE conftest.c >&5
configure:13390: $? = 0
configure:13405: gcc -shared  -fPIC -DPIC conftest.o  -v -Wl,-soname -Wl,conftest -o conftest 2\>\&1 \| /usr/bin/grep  -lc  \>/dev/null 2\>\&1
configure:13408: $? = 0
configure:13422: result: no
configure:13582: checking dynamic linker characteristics
configure:14163: gcc -o conftest -g -O2  -g -O2 -pthread   -DLINUX -D_REENTRANT -D_GNU_SOURCE    -Wl,-rpath -Wl,/foo conftest.c  >&5
configure:14163: $? = 0
configure:14412: result: GNU/Linux ld.so
configure:14534: checking how to hardcode library paths into programs
configure:14559: result: immediate
configure:15107: checking whether stripping libraries is possible
configure:15112: result: yes
configure:15147: checking if libtool supports shared libraries
configure:15149: result: yes
configure:15152: checking whether to build shared libraries
configure:15177: result: yes
configure:15180: checking whether to build static libraries
configure:15184: result: yes
configure:15207: checking how to run the C++ preprocessor
configure:15234: g++ -E   -DLINUX -D_REENTRANT -D_GNU_SOURCE conftest.cpp
configure:15234: $? = 0
configure:15248: g++ -E   -DLINUX -D_REENTRANT -D_GNU_SOURCE conftest.cpp
conftest.cpp:27:10: fatal error: ac_nonexistent.h: No such file or directory
   27 | #include <ac_nonexistent.h>
      |          ^~~~~~~~~~~~~~~~~~
compilation terminated.
configure:15248: $? = 1
configure: failed program was:
| /* confdefs.h */
| #define PACKAGE_NAME "subversion"
| #define PACKAGE_TARNAME "subversion"
| #define PACKAGE_VERSION ""
| #define PACKAGE_STRING "subversion "
| #define PACKAGE_BUGREPORT "http://subversion.apache.org/"
| #define PACKAGE_URL ""
| #define SVN_SOVERSION 0
| #define STDC_HEADERS 1
| #define HAVE_SYS_TYPES_H 1
| #define HAVE_SYS_STAT_H 1
| #define HAVE_STDLIB_H 1
| #define HAVE_STRING_H 1
| #define HAVE_MEMORY_H 1
| #define HAVE_STRINGS_H 1
| #define HAVE_INTTYPES_H 1
| #define HAVE_STDINT_H 1
| #define HAVE_UNISTD_H 1
| #define SVN_HAVE_MEMCACHE 1
| #define SVN_SQLITE_INLINE 1
| #define SVN_HAS_ATOMIC_BUILTINS 1
| #define SVN_BINDIR "/usr/local/bin"
| #define SVN_LOCALE_DIR "/usr/local/share/locale"
| #define HAVE_DLFCN_H 1
| #define LT_OBJDIR ".libs/"
| /* end confdefs.h.  */
| #include <ac_nonexistent.h>
configure:15273: result: g++ -E
configure:15293: g++ -E   -DLINUX -D_REENTRANT -D_GNU_SOURCE conftest.cpp
configure:15293: $? = 0
configure:15307: g++ -E   -DLINUX -D_REENTRANT -D_GNU_SOURCE conftest.cpp
conftest.cpp:27:10: fatal error: ac_nonexistent.h: No such file or directory
   27 | #include <ac_nonexistent.h>
      |          ^~~~~~~~~~~~~~~~~~
compilation terminated.
configure:15307: $? = 1
configure: failed program was:
| /* confdefs.h */
| #define PACKAGE_NAME "subversion"
| #define PACKAGE_TARNAME "subversion"
| #define PACKAGE_VERSION ""
| #define PACKAGE_STRING "subversion "
| #define PACKAGE_BUGREPORT "http://subversion.apache.org/"
| #define PACKAGE_URL ""
| #define SVN_SOVERSION 0
| #define STDC_HEADERS 1
| #define HAVE_SYS_TYPES_H 1
| #define HAVE_SYS_STAT_H 1
| #define HAVE_STDLIB_H 1
| #define HAVE_STRING_H 1
| #define HAVE_MEMORY_H 1
| #define HAVE_STRINGS_H 1
| #define HAVE_INTTYPES_H 1
| #define HAVE_STDINT_H 1
| #define HAVE_UNISTD_H 1
| #define SVN_HAVE_MEMCACHE 1
| #define SVN_SQLITE_INLINE 1
| #define SVN_HAS_ATOMIC_BUILTINS 1
| #define SVN_BINDIR "/usr/local/bin"
| #define SVN_LOCALE_DIR "/usr/local/share/locale"
| #define HAVE_DLFCN_H 1
| #define LT_OBJDIR ".libs/"
| /* end confdefs.h.  */
| #include <ac_nonexistent.h>
configure:15469: checking for ld used by g++
configure:15536: result: /usr/bin/ld -m elf_x86_64
configure:15543: checking if the linker (/usr/bin/ld -m elf_x86_64) is GNU ld
configure:15558: result: yes
configure:15613: checking whether the g++ linker (/usr/bin/ld -m elf_x86_64) supports shared libraries
configure:16686: result: yes
configure:16722: g++ -c -g -O2   -DLINUX -D_REENTRANT -D_GNU_SOURCE conftest.cpp >&5
configure:16725: $? = 0
configure:17206: checking for g++ option to produce PIC
configure:17213: result: -fPIC -DPIC
configure:17221: checking if g++ PIC flag -fPIC -DPIC works
configure:17239: g++ -c -g -O2   -DLINUX -D_REENTRANT -D_GNU_SOURCE -fPIC -DPIC -DPIC conftest.cpp >&5
configure:17243: $? = 0
configure:17256: result: yes
configure:17279: checking if g++ static flag -static works
configure:17307: result: yes
configure:17319: checking if g++ supports -c -o file.o
configure:17340: g++ -c -g -O2   -DLINUX -D_REENTRANT -D_GNU_SOURCE -o out/conftest2.o conftest.cpp >&5
configure:17344: $? = 0
configure:17366: result: yes
configure:17371: checking if g++ supports -c -o file.o
configure:17418: result: yes
configure:17448: checking whether the g++ linker (/usr/bin/ld -m elf_x86_64) supports shared libraries
configure:17491: result: yes
configure:17632: checking dynamic linker characteristics
configure:18389: result: GNU/Linux ld.so
configure:18454: checking how to hardcode library paths into programs
configure:18479: result: immediate
configure:18583: building both shared and static libraries
configure:18639: checking whether libtool needs -no-undefined
configure:18648: result: no
configure:18667: checking for trang
configure:18698: result: none
configure:18723: checking for doxygen
configure:18754: result: none
configure:18784: checking for Expat
configure:18810: gcc -o conftest -g -O2  -g -O2 -pthread   -DLINUX -D_REENTRANT -D_GNU_SOURCE     conftest.c  -lexpat >&5
configure:18810: $? = 0
configure:18819: result: yes
configure:18869: checking for socket in -lsocket
configure:18894: gcc -o conftest -g -O2  -g -O2 -pthread   -DLINUX -D_REENTRANT -D_GNU_SOURCE    conftest.c -lsocket   >&5
/usr/bin/ld: cannot find -lsocket
collect2: error: ld returned 1 exit status
configure:18894: $? = 1
configure: failed program was:
| /* confdefs.h */
| #define PACKAGE_NAME "subversion"
| #define PACKAGE_TARNAME "subversion"
| #define PACKAGE_VERSION ""
| #define PACKAGE_STRING "subversion "
| #define PACKAGE_BUGREPORT "http://subversion.apache.org/"
| #define PACKAGE_URL ""
| #define SVN_SOVERSION 0
| #define STDC_HEADERS 1
| #define HAVE_SYS_TYPES_H 1
| #define HAVE_SYS_STAT_H 1
| #define HAVE_STDLIB_H 1
| #define HAVE_STRING_H 1
| #define HAVE_MEMORY_H 1
| #define HAVE_STRINGS_H 1
| #define HAVE_INTTYPES_H 1
| #define HAVE_STDINT_H 1
| #define HAVE_UNISTD_H 1
| #define SVN_HAVE_MEMCACHE 1
| #define SVN_SQLITE_INLINE 1
| #define SVN_HAS_ATOMIC_BUILTINS 1
| #define SVN_BINDIR "/usr/local/bin"
| #define SVN_LOCALE_DIR "/usr/local/share/locale"
| #define HAVE_DLFCN_H 1
| #define LT_OBJDIR ".libs/"
| /* end confdefs.h.  */
| 
| /* Override any GCC internal prototype to avoid an error.
|    Use char because int might match the return type of a GCC
|    builtin and then its argument prototype would still apply.  */
| #ifdef __cplusplus
| extern "C"
| #endif
| char socket ();
| int
| main ()
| {
| return socket ();
|   ;
|   return 0;
| }
configure:18903: result: no
configure:19210: checking whether to look for SASL
configure:19218: result: yes
configure:19224: Looking in default locations
configure:19226: checking sasl/sasl.h usability
configure:19226: gcc -c -g -O2  -g -O2 -pthread   -DLINUX -D_REENTRANT -D_GNU_SOURCE conftest.c >&5
conftest.c:63:10: fatal error: sasl/sasl.h: No such file or directory
   63 | #include <sasl/sasl.h>
      |          ^~~~~~~~~~~~~
compilation terminated.
configure:19226: $? = 1
configure: failed program was:
| /* confdefs.h */
| #define PACKAGE_NAME "subversion"
| #define PACKAGE_TARNAME "subversion"
| #define PACKAGE_VERSION ""
| #define PACKAGE_STRING "subversion "
| #define PACKAGE_BUGREPORT "http://subversion.apache.org/"
| #define PACKAGE_URL ""
| #define SVN_SOVERSION 0
| #define STDC_HEADERS 1
| #define HAVE_SYS_TYPES_H 1
| #define HAVE_SYS_STAT_H 1
| #define HAVE_STDLIB_H 1
| #define HAVE_STRING_H 1
| #define HAVE_MEMORY_H 1
| #define HAVE_STRINGS_H 1
| #define HAVE_INTTYPES_H 1
| #define HAVE_STDINT_H 1
| #define HAVE_UNISTD_H 1
| #define SVN_HAVE_MEMCACHE 1
| #define SVN_SQLITE_INLINE 1
| #define SVN_HAS_ATOMIC_BUILTINS 1
| #define SVN_BINDIR "/usr/local/bin"
| #define SVN_LOCALE_DIR "/usr/local/share/locale"
| #define HAVE_DLFCN_H 1
| #define LT_OBJDIR ".libs/"
| #define SVN_FS_WANT_DB_MAJOR 4
| #define SVN_FS_WANT_DB_MINOR 0
| #define SVN_FS_WANT_DB_PATCH 14
| /* end confdefs.h.  */
| #include <stdio.h>
| #ifdef HAVE_SYS_TYPES_H
| # include <sys/types.h>
| #endif
| #ifdef HAVE_SYS_STAT_H
| # include <sys/stat.h>
| #endif
| #ifdef STDC_HEADERS
| # include <stdlib.h>
| # include <stddef.h>
| #else
| # ifdef HAVE_STDLIB_H
| #  include <stdlib.h>
| # endif
| #endif
| #ifdef HAVE_STRING_H
| # if !defined STDC_HEADERS && defined HAVE_MEMORY_H
| #  include <memory.h>
| # endif
| # include <string.h>
| #endif
| #ifdef HAVE_STRINGS_H
| # include <strings.h>
| #endif
| #ifdef HAVE_INTTYPES_H
| # include <inttypes.h>
| #endif
| #ifdef HAVE_STDINT_H
| # include <stdint.h>
| #endif
| #ifdef HAVE_UNISTD_H
| # include <unistd.h>
| #endif
| #include <sasl/sasl.h>
configure:19226: result: no
configure:19226: checking sasl/sasl.h presence
configure:19226: gcc -E   -DLINUX -D_REENTRANT -D_GNU_SOURCE conftest.c
conftest.c:30:10: fatal error: sasl/sasl.h: No such file or directory
   30 | #include <sasl/sasl.h>
      |          ^~~~~~~~~~~~~
compilation terminated.
configure:19226: $? = 1
configure: failed program was:
| /* confdefs.h */
| #define PACKAGE_NAME "subversion"
| #define PACKAGE_TARNAME "subversion"
| #define PACKAGE_VERSION ""
| #define PACKAGE_STRING "subversion "
| #define PACKAGE_BUGREPORT "http://subversion.apache.org/"
| #define PACKAGE_URL ""
| #define SVN_SOVERSION 0
| #define STDC_HEADERS 1
| #define HAVE_SYS_TYPES_H 1
| #define HAVE_SYS_STAT_H 1
| #define HAVE_STDLIB_H 1
| #define HAVE_STRING_H 1
| #define HAVE_MEMORY_H 1
| #define HAVE_STRINGS_H 1
| #define HAVE_INTTYPES_H 1
| #define HAVE_STDINT_H 1
| #define HAVE_UNISTD_H 1
| #define SVN_HAVE_MEMCACHE 1
| #define SVN_SQLITE_INLINE 1
| #define SVN_HAS_ATOMIC_BUILTINS 1
| #define SVN_BINDIR "/usr/local/bin"
| #define SVN_LOCALE_DIR "/usr/local/share/locale"
| #define HAVE_DLFCN_H 1
| #define LT_OBJDIR ".libs/"
| #define SVN_FS_WANT_DB_MAJOR 4
| #define SVN_FS_WANT_DB_MINOR 0
| #define SVN_FS_WANT_DB_PATCH 14
| /* end confdefs.h.  */
| #include <sasl/sasl.h>
configure:19226: result: no
configure:19226: checking for sasl/sasl.h
configure:19226: result: no
configure:19313: checking for sasl/sasl.h
configure:19313: result: no
configure:19371: checking for availability of Cyrus SASL v2
configure:19378: result: no
configure:19404: checking for Mach-O dynamic module iteration functions
configure:19431: gcc -o conftest -g -O2  -g -O2 -pthread   -DLINUX -D_REENTRANT -D_GNU_SOURCE    conftest.c  >&5
conftest.c:31:14: fatal error: mach-o/dyld.h: No such file or directory
   31 |     #include <mach-o/dyld.h>
      |              ^~~~~~~~~~~~~~~
compilation terminated.
configure:19431: $? = 1
configure: program exited with status 1
configure: failed program was:
| /* confdefs.h */
| #define PACKAGE_NAME "subversion"
| #define PACKAGE_TARNAME "subversion"
| #define PACKAGE_VERSION ""
| #define PACKAGE_STRING "subversion "
| #define PACKAGE_BUGREPORT "http://subversion.apache.org/"
| #define PACKAGE_URL ""
| #define SVN_SOVERSION 0
| #define STDC_HEADERS 1
| #define HAVE_SYS_TYPES_H 1
| #define HAVE_SYS_STAT_H 1
| #define HAVE_STDLIB_H 1
| #define HAVE_STRING_H 1
| #define HAVE_MEMORY_H 1
| #define HAVE_STRINGS_H 1
| #define HAVE_INTTYPES_H 1
| #define HAVE_STDINT_H 1
| #define HAVE_UNISTD_H 1
| #define SVN_HAVE_MEMCACHE 1
| #define SVN_SQLITE_INLINE 1
| #define SVN_HAS_ATOMIC_BUILTINS 1
| #define SVN_BINDIR "/usr/local/bin"
| #define SVN_LOCALE_DIR "/usr/local/share/locale"
| #define HAVE_DLFCN_H 1
| #define LT_OBJDIR ".libs/"
| #define SVN_FS_WANT_DB_MAJOR 4
| #define SVN_FS_WANT_DB_MINOR 0
| #define SVN_FS_WANT_DB_PATCH 14
| /* end confdefs.h.  */
| 
|     #include <mach-o/dyld.h>
|     #include <mach-o/loader.h>
| 
| int
| main ()
| {
| 
|     const struct mach_header *header = _dyld_get_image_header(0);
|     const char *name = _dyld_get_image_name(0);
|     if (name && header) return 0;
|     return 1;
| 
|   ;
|   return 0;
| }
configure:19441: result: no
configure:19451: checking for Mac OS property list utilities
configure:19472: gcc -c -g -O2  -g -O2 -pthread   -DLINUX -D_REENTRANT -D_GNU_SOURCE conftest.c >&5
conftest.c:31:14: fatal error: AvailabilityMacros.h: No such file or directory
   31 |     #include <AvailabilityMacros.h>
      |              ^~~~~~~~~~~~~~~~~~~~~~
compilation terminated.
configure:19472: $? = 1
configure: failed program was:
| /* confdefs.h */
| #define PACKAGE_NAME "subversion"
| #define PACKAGE_TARNAME "subversion"
| #define PACKAGE_VERSION ""
| #define PACKAGE_STRING "subversion "
| #define PACKAGE_BUGREPORT "http://subversion.apache.org/"
| #define PACKAGE_URL ""
| #define SVN_SOVERSION 0
| #define STDC_HEADERS 1
| #define HAVE_SYS_TYPES_H 1
| #define HAVE_SYS_STAT_H 1
| #define HAVE_STDLIB_H 1
| #define HAVE_STRING_H 1
| #define HAVE_MEMORY_H 1
| #define HAVE_STRINGS_H 1
| #define HAVE_INTTYPES_H 1
| #define HAVE_STDINT_H 1
| #define HAVE_UNISTD_H 1
| #define SVN_HAVE_MEMCACHE 1
| #define SVN_SQLITE_INLINE 1
| #define SVN_HAS_ATOMIC_BUILTINS 1
| #define SVN_BINDIR "/usr/local/bin"
| #define SVN_LOCALE_DIR "/usr/local/share/locale"
| #define HAVE_DLFCN_H 1
| #define LT_OBJDIR ".libs/"
| #define SVN_FS_WANT_DB_MAJOR 4
| #define SVN_FS_WANT_DB_MINOR 0
| #define SVN_FS_WANT_DB_PATCH 14
| /* end confdefs.h.  */
| 
|     #include <AvailabilityMacros.h>
|     #if !defined(MAC_OS_X_VERSION_MAX_ALLOWED)      || !defined(MAC_OS_X_VERSION_10_0)      || (MAC_OS_X_VERSION_MAX_ALLOWED <= MAC_OS_X_VERSION_10_0)
|     #error ProperyList API unavailable.
|     #endif
| 
| int
| main ()
| {
| 
|   ;
|   return 0;
| }
configure:19484: result: no
configure:19499: checking for Mac OS KeyChain Services
configure:19521: gcc -c -g -O2  -g -O2 -pthread   -DLINUX -D_REENTRANT -D_GNU_SOURCE conftest.c >&5
conftest.c:31:16: fatal error: AvailabilityMacros.h: No such file or directory
   31 |       #include <AvailabilityMacros.h>
      |                ^~~~~~~~~~~~~~~~~~~~~~
compilation terminated.
configure:19521: $? = 1
configure: failed program was:
| /* confdefs.h */
| #define PACKAGE_NAME "subversion"
| #define PACKAGE_TARNAME "subversion"
| #define PACKAGE_VERSION ""
| #define PACKAGE_STRING "subversion "
| #define PACKAGE_BUGREPORT "http://subversion.apache.org/"
| #define PACKAGE_URL ""
| #define SVN_SOVERSION 0
| #define STDC_HEADERS 1
| #define HAVE_SYS_TYPES_H 1
| #define HAVE_SYS_STAT_H 1
| #define HAVE_STDLIB_H 1
| #define HAVE_STRING_H 1
| #define HAVE_MEMORY_H 1
| #define HAVE_STRINGS_H 1
| #define HAVE_INTTYPES_H 1
| #define HAVE_STDINT_H 1
| #define HAVE_UNISTD_H 1
| #define SVN_HAVE_MEMCACHE 1
| #define SVN_SQLITE_INLINE 1
| #define SVN_HAS_ATOMIC_BUILTINS 1
| #define SVN_BINDIR "/usr/local/bin"
| #define SVN_LOCALE_DIR "/usr/local/share/locale"
| #define HAVE_DLFCN_H 1
| #define LT_OBJDIR ".libs/"
| #define SVN_FS_WANT_DB_MAJOR 4
| #define SVN_FS_WANT_DB_MINOR 0
| #define SVN_FS_WANT_DB_PATCH 14
| /* end confdefs.h.  */
| 
|       #include <AvailabilityMacros.h>
|       #if !defined(MAC_OS_X_VERSION_MAX_ALLOWED)        || !defined(MAC_OS_X_VERSION_10_2)        || (MAC_OS_X_VERSION_MAX_ALLOWED <= MAC_OS_X_VERSION_10_2)
|       #error KeyChain API unavailable.
|       #endif
| 
| int
| main ()
| {
| 
|   ;
|   return 0;
| }
configure:19534: result: no
configure:19543: checking whether APR has support for DSOs
configure:19555: gcc -E   -DLINUX -D_REENTRANT -D_GNU_SOURCE  -I/usr/local/apr/include/apr-1  conftest.c
configure:19555: $? = 0
configure:19557: result: yes
configure:19570: checking for D-Bus .pc file
configure:19616: result: no
configure:19630: checking whether to support GPG-Agent
configure:19633: result: yes
configure:19656: checking whether to look for old GNOME Keyring
configure:19740: result: no
configure:19757: checking whether to look for GNOME Keyring
configure:19763: result: yes
configure:19772: checking for GNOME Keyring
configure:19814: result: no
configure:19856: checking for msgfmt
configure:19874: found /usr/bin/msgfmt
configure:19887: result: /usr/bin/msgfmt
configure:19897: checking for msgmerge
configure:19915: found /usr/bin/msgmerge
configure:19928: result: /usr/bin/msgmerge
configure:19938: checking for xgettext
configure:19956: found /usr/bin/xgettext
configure:19969: result: /usr/bin/xgettext
configure:19978: checking for library containing bindtextdomain
configure:20009: gcc -o conftest -g -O2  -g -O2 -pthread   -DLINUX -D_REENTRANT -D_GNU_SOURCE    conftest.c  >&5
configure:20009: $? = 0
configure:20026: result: none required
configure:20184: checking for bind_textdomain_codeset
configure:20184: gcc -o conftest -g -O2  -g -O2 -pthread   -DLINUX -D_REENTRANT -D_GNU_SOURCE    conftest.c  >&5
configure:20184: $? = 0
configure:20184: result: yes
configure:20203: checking if we are using GNU gettext
configure:20209: result: yes
configure:20338: checking magic.h usability
configure:20338: gcc -c -g -O2  -g -O2 -pthread   -DLINUX -D_REENTRANT -D_GNU_SOURCE conftest.c >&5
conftest.c:66:10: fatal error: magic.h: No such file or directory
   66 | #include <magic.h>
      |          ^~~~~~~~~
compilation terminated.
configure:20338: $? = 1
configure: failed program was:
| /* confdefs.h */
| #define PACKAGE_NAME "subversion"
| #define PACKAGE_TARNAME "subversion"
| #define PACKAGE_VERSION ""
| #define PACKAGE_STRING "subversion "
| #define PACKAGE_BUGREPORT "http://subversion.apache.org/"
| #define PACKAGE_URL ""
| #define SVN_SOVERSION 0
| #define STDC_HEADERS 1
| #define HAVE_SYS_TYPES_H 1
| #define HAVE_SYS_STAT_H 1
| #define HAVE_STDLIB_H 1
| #define HAVE_STRING_H 1
| #define HAVE_MEMORY_H 1
| #define HAVE_STRINGS_H 1
| #define HAVE_INTTYPES_H 1
| #define HAVE_STDINT_H 1
| #define HAVE_UNISTD_H 1
| #define SVN_HAVE_MEMCACHE 1
| #define SVN_SQLITE_INLINE 1
| #define SVN_HAS_ATOMIC_BUILTINS 1
| #define SVN_BINDIR "/usr/local/bin"
| #define SVN_LOCALE_DIR "/usr/local/share/locale"
| #define HAVE_DLFCN_H 1
| #define LT_OBJDIR ".libs/"
| #define SVN_FS_WANT_DB_MAJOR 4
| #define SVN_FS_WANT_DB_MINOR 0
| #define SVN_FS_WANT_DB_PATCH 14
| #define SVN_HAVE_GPG_AGENT 1
| #define ENABLE_NLS 1
| #define HAVE_BIND_TEXTDOMAIN_CODESET 1
| /* end confdefs.h.  */
| #include <stdio.h>
| #ifdef HAVE_SYS_TYPES_H
| # include <sys/types.h>
| #endif
| #ifdef HAVE_SYS_STAT_H
| # include <sys/stat.h>
| #endif
| #ifdef STDC_HEADERS
| # include <stdlib.h>
| # include <stddef.h>
| #else
| # ifdef HAVE_STDLIB_H
| #  include <stdlib.h>
| # endif
| #endif
| #ifdef HAVE_STRING_H
| # if !defined STDC_HEADERS && defined HAVE_MEMORY_H
| #  include <memory.h>
| # endif
| # include <string.h>
| #endif
| #ifdef HAVE_STRINGS_H
| # include <strings.h>
| #endif
| #ifdef HAVE_INTTYPES_H
| # include <inttypes.h>
| #endif
| #ifdef HAVE_STDINT_H
| # include <stdint.h>
| #endif
| #ifdef HAVE_UNISTD_H
| # include <unistd.h>
| #endif
| #include <magic.h>
configure:20338: result: no
configure:20338: checking magic.h presence
configure:20338: gcc -E   -DLINUX -D_REENTRANT -D_GNU_SOURCE conftest.c
conftest.c:33:10: fatal error: magic.h: No such file or directory
   33 | #include <magic.h>
      |          ^~~~~~~~~
compilation terminated.
configure:20338: $? = 1
configure: failed program was:
| /* confdefs.h */
| #define PACKAGE_NAME "subversion"
| #define PACKAGE_TARNAME "subversion"
| #define PACKAGE_VERSION ""
| #define PACKAGE_STRING "subversion "
| #define PACKAGE_BUGREPORT "http://subversion.apache.org/"
| #define PACKAGE_URL ""
| #define SVN_SOVERSION 0
| #define STDC_HEADERS 1
| #define HAVE_SYS_TYPES_H 1
| #define HAVE_SYS_STAT_H 1
| #define HAVE_STDLIB_H 1
| #define HAVE_STRING_H 1
| #define HAVE_MEMORY_H 1
| #define HAVE_STRINGS_H 1
| #define HAVE_INTTYPES_H 1
| #define HAVE_STDINT_H 1
| #define HAVE_UNISTD_H 1
| #define SVN_HAVE_MEMCACHE 1
| #define SVN_SQLITE_INLINE 1
| #define SVN_HAS_ATOMIC_BUILTINS 1
| #define SVN_BINDIR "/usr/local/bin"
| #define SVN_LOCALE_DIR "/usr/local/share/locale"
| #define HAVE_DLFCN_H 1
| #define LT_OBJDIR ".libs/"
| #define SVN_FS_WANT_DB_MAJOR 4
| #define SVN_FS_WANT_DB_MINOR 0
| #define SVN_FS_WANT_DB_PATCH 14
| #define SVN_HAVE_GPG_AGENT 1
| #define ENABLE_NLS 1
| #define HAVE_BIND_TEXTDOMAIN_CODESET 1
| /* end confdefs.h.  */
| #include <magic.h>
configure:20338: result: no
configure:20338: checking for magic.h
configure:20338: result: no
configure:20433: checking whether to look for KWallet
configure:20637: result: no
configure:20662: Disabling plaintext password/passphrase storage
configure:20713: checking for ANSI C header files
configure:20817: result: yes
configure:20827: checking for an ANSI C-conforming const
configure:20893: gcc -c -g -O2  -g -O2 -pthread   -DLINUX -D_REENTRANT -D_GNU_SOURCE conftest.c >&5
configure:20893: $? = 0
configure:20900: result: yes
configure:20909: checking for size_t
configure:20909: gcc -c -g -O2  -g -O2 -pthread   -DLINUX -D_REENTRANT -D_GNU_SOURCE conftest.c >&5
configure:20909: $? = 0
configure:20909: gcc -c -g -O2  -g -O2 -pthread   -DLINUX -D_REENTRANT -D_GNU_SOURCE conftest.c >&5
conftest.c: In function 'main':
conftest.c:71:21: error: expected expression before ')' token
   71 | if (sizeof ((size_t)))
      |                     ^
configure:20909: $? = 1
configure: failed program was:
| /* confdefs.h */
| #define PACKAGE_NAME "subversion"
| #define PACKAGE_TARNAME "subversion"
| #define PACKAGE_VERSION ""
| #define PACKAGE_STRING "subversion "
| #define PACKAGE_BUGREPORT "http://subversion.apache.org/"
| #define PACKAGE_URL ""
| #define SVN_SOVERSION 0
| #define STDC_HEADERS 1
| #define HAVE_SYS_TYPES_H 1
| #define HAVE_SYS_STAT_H 1
| #define HAVE_STDLIB_H 1
| #define HAVE_STRING_H 1
| #define HAVE_MEMORY_H 1
| #define HAVE_STRINGS_H 1
| #define HAVE_INTTYPES_H 1
| #define HAVE_STDINT_H 1
| #define HAVE_UNISTD_H 1
| #define SVN_HAVE_MEMCACHE 1
| #define SVN_SQLITE_INLINE 1
| #define SVN_HAS_ATOMIC_BUILTINS 1
| #define SVN_BINDIR "/usr/local/bin"
| #define SVN_LOCALE_DIR "/usr/local/share/locale"
| #define HAVE_DLFCN_H 1
| #define LT_OBJDIR ".libs/"
| #define SVN_FS_WANT_DB_MAJOR 4
| #define SVN_FS_WANT_DB_MINOR 0
| #define SVN_FS_WANT_DB_PATCH 14
| #define SVN_HAVE_GPG_AGENT 1
| #define ENABLE_NLS 1
| #define HAVE_BIND_TEXTDOMAIN_CODESET 1
| #define SVN_DISABLE_PLAINTEXT_PASSWORD_STORAGE 1
| #define STDC_HEADERS 1
| /* end confdefs.h.  */
| #include <stdio.h>
| #ifdef HAVE_SYS_TYPES_H
| # include <sys/types.h>
| #endif
| #ifdef HAVE_SYS_STAT_H
| # include <sys/stat.h>
| #endif
| #ifdef STDC_HEADERS
| # include <stdlib.h>
| # include <stddef.h>
| #else
| # ifdef HAVE_STDLIB_H
| #  include <stdlib.h>
| # endif
| #endif
| #ifdef HAVE_STRING_H
| # if !defined STDC_HEADERS && defined HAVE_MEMORY_H
| #  include <memory.h>
| # endif
| # include <string.h>
| #endif
| #ifdef HAVE_STRINGS_H
| # include <strings.h>
| #endif
| #ifdef HAVE_INTTYPES_H
| # include <inttypes.h>
| #endif
| #ifdef HAVE_STDINT_H
| # include <stdint.h>
| #endif
| #ifdef HAVE_UNISTD_H
| # include <unistd.h>
| #endif
| int
| main ()
| {
| if (sizeof ((size_t)))
| 	    return 0;
|   ;
|   return 0;
| }
configure:20909: result: yes
configure:20923: checking for working memcmp
configure:20966: gcc -o conftest -g -O2  -g -O2 -pthread   -DLINUX -D_REENTRANT -D_GNU_SOURCE    conftest.c  >&5
configure:20966: $? = 0
configure:20966: ./conftest
configure:20966: $? = 0
configure:20976: result: yes
configure:20988: checking for vprintf
configure:20988: gcc -o conftest -g -O2  -g -O2 -pthread   -DLINUX -D_REENTRANT -D_GNU_SOURCE    conftest.c  >&5
conftest.c:58:6: warning: conflicting types for built-in function 'vprintf'; expected 'int(const char *, __va_list_tag *)' [-Wbuiltin-declaration-mismatch]
   58 | char vprintf ();
      |      ^~~~~~~
conftest.c:46:1: note: 'vprintf' is declared in header '<stdio.h>'
   45 | # include <limits.h>
   46 | #else
configure:20988: $? = 0
configure:20988: result: yes
configure:20994: checking for _doprnt
configure:20994: gcc -o conftest -g -O2  -g -O2 -pthread   -DLINUX -D_REENTRANT -D_GNU_SOURCE    conftest.c  >&5
/usr/bin/ld: /tmp/ccNb9kPj.o: in function `main':
/home/angelo/Documents/source/subversion-1.14.1/conftest.c:70: undefined reference to `_doprnt'
collect2: error: ld returned 1 exit status
configure:20994: $? = 1
configure: failed program was:
| /* confdefs.h */
| #define PACKAGE_NAME "subversion"
| #define PACKAGE_TARNAME "subversion"
| #define PACKAGE_VERSION ""
| #define PACKAGE_STRING "subversion "
| #define PACKAGE_BUGREPORT "http://subversion.apache.org/"
| #define PACKAGE_URL ""
| #define SVN_SOVERSION 0
| #define STDC_HEADERS 1
| #define HAVE_SYS_TYPES_H 1
| #define HAVE_SYS_STAT_H 1
| #define HAVE_STDLIB_H 1
| #define HAVE_STRING_H 1
| #define HAVE_MEMORY_H 1
| #define HAVE_STRINGS_H 1
| #define HAVE_INTTYPES_H 1
| #define HAVE_STDINT_H 1
| #define HAVE_UNISTD_H 1
| #define SVN_HAVE_MEMCACHE 1
| #define SVN_SQLITE_INLINE 1
| #define SVN_HAS_ATOMIC_BUILTINS 1
| #define SVN_BINDIR "/usr/local/bin"
| #define SVN_LOCALE_DIR "/usr/local/share/locale"
| #define HAVE_DLFCN_H 1
| #define LT_OBJDIR ".libs/"
| #define SVN_FS_WANT_DB_MAJOR 4
| #define SVN_FS_WANT_DB_MINOR 0
| #define SVN_FS_WANT_DB_PATCH 14
| #define SVN_HAVE_GPG_AGENT 1
| #define ENABLE_NLS 1
| #define HAVE_BIND_TEXTDOMAIN_CODESET 1
| #define SVN_DISABLE_PLAINTEXT_PASSWORD_STORAGE 1
| #define STDC_HEADERS 1
| #define HAVE_VPRINTF 1
| /* end confdefs.h.  */
| /* Define _doprnt to an innocuous variant, in case <limits.h> declares _doprnt.
|    For example, HP-UX 11i <limits.h> declares gettimeofday.  */
| #define _doprnt innocuous__doprnt
| 
| /* System header to define __stub macros and hopefully few prototypes,
|     which can conflict with char _doprnt (); below.
|     Prefer <limits.h> to <assert.h> if __STDC__ is defined, since
|     <limits.h> exists even on freestanding compilers.  */
| 
| #ifdef __STDC__
| # include <limits.h>
| #else
| # include <assert.h>
| #endif
| 
| #undef _doprnt
| 
| /* Override any GCC internal prototype to avoid an error.
|    Use char because int might match the return type of a GCC
|    builtin and then its argument prototype would still apply.  */
| #ifdef __cplusplus
| extern "C"
| #endif
| char _doprnt ();
| /* The GNU C library defines this for functions which it implements
|     to always fail with ENOSYS.  Some functions are actually named
|     something starting with __ and the normal name is an alias.  */
| #if defined __stub__doprnt || defined __stub____doprnt
| choke me
| #endif
| 
| int
| main ()
| {
| return _doprnt ();
|   ;
|   return 0;
| }
configure:20994: result: no
configure:21009: checking for symlink
configure:21009: gcc -o conftest -g -O2  -g -O2 -pthread   -DLINUX -D_REENTRANT -D_GNU_SOURCE    conftest.c  >&5
configure:21009: $? = 0
configure:21009: result: yes
configure:21009: checking for readlink
configure:21009: gcc -o conftest -g -O2  -g -O2 -pthread   -DLINUX -D_REENTRANT -D_GNU_SOURCE    conftest.c  >&5
configure:21009: $? = 0
configure:21009: result: yes
configure:21021: checking sys/utsname.h usability
configure:21021: gcc -c -g -O2  -g -O2 -pthread   -DLINUX -D_REENTRANT -D_GNU_SOURCE conftest.c >&5
configure:21021: $? = 0
configure:21021: result: yes
configure:21021: checking sys/utsname.h presence
configure:21021: gcc -E   -DLINUX -D_REENTRANT -D_GNU_SOURCE conftest.c
configure:21021: $? = 0
configure:21021: result: yes
configure:21021: checking for sys/utsname.h
configure:21021: result: yes
configure:21028: checking for uname
configure:21028: gcc -o conftest -g -O2  -g -O2 -pthread   -DLINUX -D_REENTRANT -D_GNU_SOURCE    conftest.c  >&5
configure:21028: $? = 0
configure:21028: result: yes
configure:21043: checking elf.h usability
configure:21043: gcc -c -g -O2  -g -O2 -pthread   -DLINUX -D_REENTRANT -D_GNU_SOURCE conftest.c >&5
configure:21043: $? = 0
configure:21043: result: yes
configure:21043: checking elf.h presence
configure:21043: gcc -E   -DLINUX -D_REENTRANT -D_GNU_SOURCE conftest.c
configure:21043: $? = 0
configure:21043: result: yes
configure:21043: checking for elf.h
configure:21043: result: yes
configure:21054: checking termios.h usability
configure:21054: gcc -c -g -O2  -g -O2 -pthread   -DLINUX -D_REENTRANT -D_GNU_SOURCE conftest.c >&5
configure:21054: $? = 0
configure:21054: result: yes
configure:21054: checking termios.h presence
configure:21054: gcc -E   -DLINUX -D_REENTRANT -D_GNU_SOURCE conftest.c
configure:21054: $? = 0
configure:21054: result: yes
configure:21054: checking for termios.h
configure:21054: result: yes
configure:21060: checking for tcgetattr
configure:21060: gcc -o conftest -g -O2  -g -O2 -pthread   -DLINUX -D_REENTRANT -D_GNU_SOURCE    conftest.c  >&5
configure:21060: $? = 0
configure:21060: result: yes
configure:21060: checking for tcsetattr
configure:21060: gcc -o conftest -g -O2  -g -O2 -pthread   -DLINUX -D_REENTRANT -D_GNU_SOURCE    conftest.c  >&5
configure:21060: $? = 0
configure:21060: result: yes
configure:21122: checking for -Wl,--no-undefined
configure:21130: gcc -o conftest -g -O2  -g -O2 -pthread   -DLINUX -D_REENTRANT -D_GNU_SOURCE    -Wl,--no-undefined conftest.c  >&5
configure:21130: $? = 0
configure:21139: result: yes
configure:22715: C compiler flags: -g -O2  -g -O2 -pthread
configure:22717:   language-level: -std=c90 
configure:22719:     user-defined: 
configure:22721:  maintainer-mode: 
configure:22723: C++ compiler flags: -g -O2
configure:22725:     language-level: -std=c++11 
configure:22727:       user-defined: 
configure:22729:    maintainer-mode: 
configure:22878: zlib library configuration via pkg-config
configure:22881: checking for zlib library
configure:22884: result: yes
configure:23002: using internal lz4
configure:23197: using internal utf8proc
configure:23429: checking for python
configure:23447: found /usr/bin/python
configure:23459: result: /usr/bin/python
configure:23782: checking for JDK
configure:23845: result: no
configure:23914: checking for perl
configure:23932: found /usr/bin/perl
configure:23945: result: /usr/bin/perl
configure:24001: checking for ruby
configure:24034: result: no
configure:24001: checking for ruby1
configure:24034: result: no
configure:24001: checking for ruby1.8
configure:24034: result: no
configure:24001: checking for ruby18
configure:24034: result: no
configure:24001: checking for ruby1.9
configure:24034: result: no
configure:24001: checking for ruby19
configure:24034: result: no
configure:24001: checking for ruby1.9.3
configure:24034: result: no
configure:24001: checking for ruby193
configure:24034: result: no
configure:24001: checking for ruby2
configure:24034: result: no
configure:24001: checking for ruby2.0
configure:24034: result: no
configure:24001: checking for ruby20
configure:24034: result: no
configure:24001: checking for ruby2.1
configure:24034: result: no
configure:24001: checking for ruby21
configure:24034: result: no
configure:24001: checking for ruby2.2
configure:24034: result: no
configure:24001: checking for ruby22
configure:24034: result: no
configure:24001: checking for ruby2.3
configure:24034: result: no
configure:24001: checking for ruby23
configure:24034: result: no
configure:24001: checking for ruby2.4
configure:24034: result: no
configure:24001: checking for ruby24
configure:24034: result: no
configure:26135: checking for swig
configure:26166: result: none
configure:26225: Configuring python swig binding
configure:26228: checking for Python includes
configure:26237: result: -I/usr/include/python2.7
configure:26251: checking Python.h usability
configure:26251: gcc -c -g -O2  -g -O2 -pthread   -DLINUX -D_REENTRANT -D_GNU_SOURCE -I/usr/include/python2.7 conftest.c >&5
conftest.c:80:10: fatal error: Python.h: No such file or directory
   80 | #include <Python.h>
      |          ^~~~~~~~~~
compilation terminated.
configure:26251: $? = 1
configure: failed program was:
| /* confdefs.h */
| #define PACKAGE_NAME "subversion"
| #define PACKAGE_TARNAME "subversion"
| #define PACKAGE_VERSION ""
| #define PACKAGE_STRING "subversion "
| #define PACKAGE_BUGREPORT "http://subversion.apache.org/"
| #define PACKAGE_URL ""
| #define SVN_SOVERSION 0
| #define STDC_HEADERS 1
| #define HAVE_SYS_TYPES_H 1
| #define HAVE_SYS_STAT_H 1
| #define HAVE_STDLIB_H 1
| #define HAVE_STRING_H 1
| #define HAVE_MEMORY_H 1
| #define HAVE_STRINGS_H 1
| #define HAVE_INTTYPES_H 1
| #define HAVE_STDINT_H 1
| #define HAVE_UNISTD_H 1
| #define SVN_HAVE_MEMCACHE 1
| #define SVN_SQLITE_INLINE 1
| #define SVN_HAS_ATOMIC_BUILTINS 1
| #define SVN_BINDIR "/usr/local/bin"
| #define SVN_LOCALE_DIR "/usr/local/share/locale"
| #define HAVE_DLFCN_H 1
| #define LT_OBJDIR ".libs/"
| #define SVN_FS_WANT_DB_MAJOR 4
| #define SVN_FS_WANT_DB_MINOR 0
| #define SVN_FS_WANT_DB_PATCH 14
| #define SVN_HAVE_GPG_AGENT 1
| #define ENABLE_NLS 1
| #define HAVE_BIND_TEXTDOMAIN_CODESET 1
| #define SVN_DISABLE_PLAINTEXT_PASSWORD_STORAGE 1
| #define STDC_HEADERS 1
| #define HAVE_VPRINTF 1
| #define HAVE_SYMLINK 1
| #define HAVE_READLINK 1
| #define HAVE_SYS_UTSNAME_H 1
| #define HAVE_UNAME 1
| #define HAVE_ELF_H 1
| #define HAVE_TCGETATTR 1
| #define HAVE_TERMIOS_H 1
| #define HAVE_TCSETATTR 1
| #define HAVE_TERMIOS_H 1
| #define SVN_INTERNAL_LZ4 1
| #define SVN_INTERNAL_UTF8PROC 1
| /* end confdefs.h.  */
| #include <stdio.h>
| #ifdef HAVE_SYS_TYPES_H
| # include <sys/types.h>
| #endif
| #ifdef HAVE_SYS_STAT_H
| # include <sys/stat.h>
| #endif
| #ifdef STDC_HEADERS
| # include <stdlib.h>
| # include <stddef.h>
| #else
| # ifdef HAVE_STDLIB_H
| #  include <stdlib.h>
| # endif
| #endif
| #ifdef HAVE_STRING_H
| # if !defined STDC_HEADERS && defined HAVE_MEMORY_H
| #  include <memory.h>
| # endif
| # include <string.h>
| #endif
| #ifdef HAVE_STRINGS_H
| # include <strings.h>
| #endif
| #ifdef HAVE_INTTYPES_H
| # include <inttypes.h>
| #endif
| #ifdef HAVE_STDINT_H
| # include <stdint.h>
| #endif
| #ifdef HAVE_UNISTD_H
| # include <unistd.h>
| #endif
| #include <Python.h>
configure:26251: result: no
configure:26251: checking Python.h presence
configure:26251: gcc -E   -DLINUX -D_REENTRANT -D_GNU_SOURCE -I/usr/include/python2.7 conftest.c
conftest.c:47:10: fatal error: Python.h: No such file or directory
   47 | #include <Python.h>
      |          ^~~~~~~~~~
compilation terminated.
configure:26251: $? = 1
configure: failed program was:
| /* confdefs.h */
| #define PACKAGE_NAME "subversion"
| #define PACKAGE_TARNAME "subversion"
| #define PACKAGE_VERSION ""
| #define PACKAGE_STRING "subversion "
| #define PACKAGE_BUGREPORT "http://subversion.apache.org/"
| #define PACKAGE_URL ""
| #define SVN_SOVERSION 0
| #define STDC_HEADERS 1
| #define HAVE_SYS_TYPES_H 1
| #define HAVE_SYS_STAT_H 1
| #define HAVE_STDLIB_H 1
| #define HAVE_STRING_H 1
| #define HAVE_MEMORY_H 1
| #define HAVE_STRINGS_H 1
| #define HAVE_INTTYPES_H 1
| #define HAVE_STDINT_H 1
| #define HAVE_UNISTD_H 1
| #define SVN_HAVE_MEMCACHE 1
| #define SVN_SQLITE_INLINE 1
| #define SVN_HAS_ATOMIC_BUILTINS 1
| #define SVN_BINDIR "/usr/local/bin"
| #define SVN_LOCALE_DIR "/usr/local/share/locale"
| #define HAVE_DLFCN_H 1
| #define LT_OBJDIR ".libs/"
| #define SVN_FS_WANT_DB_MAJOR 4
| #define SVN_FS_WANT_DB_MINOR 0
| #define SVN_FS_WANT_DB_PATCH 14
| #define SVN_HAVE_GPG_AGENT 1
| #define ENABLE_NLS 1
| #define HAVE_BIND_TEXTDOMAIN_CODESET 1
| #define SVN_DISABLE_PLAINTEXT_PASSWORD_STORAGE 1
| #define STDC_HEADERS 1
| #define HAVE_VPRINTF 1
| #define HAVE_SYMLINK 1
| #define HAVE_READLINK 1
| #define HAVE_SYS_UTSNAME_H 1
| #define HAVE_UNAME 1
| #define HAVE_ELF_H 1
| #define HAVE_TCGETATTR 1
| #define HAVE_TERMIOS_H 1
| #define HAVE_TCSETATTR 1
| #define HAVE_TERMIOS_H 1
| #define SVN_INTERNAL_LZ4 1
| #define SVN_INTERNAL_UTF8PROC 1
| /* end confdefs.h.  */
| #include <Python.h>
configure:26251: result: no
configure:26251: checking for Python.h
configure:26251: result: no
configure:26263: WARNING: Python.h not found; disabling python swig bindings
configure:26479: checking perl version
configure:26482: result: 5032001
configure:27005: checking for ctypesgen.py
configure:27036: result: none
configure:27325: checking for boostlib >= 1.58 (105800)
configure:27357: g++ -c -g -O2   -DLINUX -D_REENTRANT -D_GNU_SOURCE -I/usr/include conftest.cpp >&5
configure:27357: $? = 0
configure:27359: result: yes
configure:27819: checking stdbool.h usability
configure:27819: gcc -c -g -O2  -g -O2 -pthread   -DLINUX -D_REENTRANT -D_GNU_SOURCE conftest.c >&5
configure:27819: $? = 0
configure:27819: result: yes
configure:27819: checking stdbool.h presence
configure:27819: gcc -E   -DLINUX -D_REENTRANT -D_GNU_SOURCE conftest.c
configure:27819: $? = 0
configure:27819: result: yes
configure:27819: checking for stdbool.h
configure:27819: result: yes
configure:27819: checking for stdint.h
configure:27819: result: yes
configure:28035: creating ./config.status

## ---------------------- ##
## Running config.status. ##
## ---------------------- ##

This file was extended by subversion config.status , which was
generated by GNU Autoconf 2.69.  Invocation command line was

  CONFIG_FILES    = 
  CONFIG_HEADERS  = 
  CONFIG_LINKS    = 
  CONFIG_COMMANDS = 
  $ ./config.status 

on debian

config.status:1312: creating Makefile
config.status:1312: creating subversion/libsvn_auth_gnome_keyring/libsvn_auth_gnome_keyring.pc
config.status:1312: creating subversion/libsvn_auth_kwallet/libsvn_auth_kwallet.pc
config.status:1312: creating subversion/libsvn_client/libsvn_client.pc
config.status:1312: creating subversion/libsvn_delta/libsvn_delta.pc
config.status:1312: creating subversion/libsvn_diff/libsvn_diff.pc
config.status:1312: creating subversion/libsvn_fs/libsvn_fs.pc
config.status:1312: creating subversion/libsvn_fs_base/libsvn_fs_base.pc
config.status:1312: creating subversion/libsvn_fs_fs/libsvn_fs_fs.pc
config.status:1312: creating subversion/libsvn_fs_util/libsvn_fs_util.pc
config.status:1312: creating subversion/libsvn_fs_x/libsvn_fs_x.pc
config.status:1312: creating subversion/libsvn_ra/libsvn_ra.pc
config.status:1312: creating subversion/libsvn_ra_local/libsvn_ra_local.pc
config.status:1312: creating subversion/libsvn_ra_serf/libsvn_ra_serf.pc
config.status:1312: creating subversion/libsvn_ra_svn/libsvn_ra_svn.pc
config.status:1312: creating subversion/libsvn_repos/libsvn_repos.pc
config.status:1312: creating subversion/libsvn_subr/libsvn_subr.pc
config.status:1312: creating subversion/libsvn_wc/libsvn_wc.pc
config.status:1312: creating tools/backup/hot-backup.py
config.status:1312: creating tools/hook-scripts/commit-access-control.pl
config.status:1312: creating subversion/bindings/swig/perl/native/Makefile.PL
config.status:1312: creating subversion/svn_private_config.h.tmp
config.status:1501: executing libtool commands
config.status:1501: executing svn_private_config.h.tmp commands

## ---------------- ##
## Cache variables. ##
## ---------------- ##

ac_cv_build=x86_64-pc-linux-gnu
ac_cv_c_compiler_gnu=yes
ac_cv_c_const=yes
ac_cv_cxx_compiler_gnu=yes
ac_cv_env_CCC_set=
ac_cv_env_CCC_value=
ac_cv_env_CC_set=
ac_cv_env_CC_value=
ac_cv_env_CFLAGS_set=
ac_cv_env_CFLAGS_value=
ac_cv_env_CPPFLAGS_set=
ac_cv_env_CPPFLAGS_value=
ac_cv_env_CPP_set=
ac_cv_env_CPP_value=
ac_cv_env_CXXCPP_set=
ac_cv_env_CXXCPP_value=
ac_cv_env_CXXFLAGS_set=
ac_cv_env_CXXFLAGS_value=
ac_cv_env_CXX_set=
ac_cv_env_CXX_value=
ac_cv_env_LDFLAGS_set=
ac_cv_env_LDFLAGS_value=
ac_cv_env_LIBS_set=
ac_cv_env_LIBS_value=
ac_cv_env_LT_SYS_LIBRARY_PATH_set=
ac_cv_env_LT_SYS_LIBRARY_PATH_value=
ac_cv_env_PYTHON_set=
ac_cv_env_PYTHON_value=
ac_cv_env_SWIG_FEATURES_set=
ac_cv_env_SWIG_FEATURES_value=
ac_cv_env_SWIG_PL_FEATURES_set=
ac_cv_env_SWIG_PL_FEATURES_value=
ac_cv_env_SWIG_PY_FEATURES_set=
ac_cv_env_SWIG_PY_FEATURES_value=
ac_cv_env_SWIG_RB_FEATURES_set=
ac_cv_env_SWIG_RB_FEATURES_value=
ac_cv_env_build_alias_set=
ac_cv_env_build_alias_value=
ac_cv_env_host_alias_set=
ac_cv_env_host_alias_value=
ac_cv_env_target_alias_set=
ac_cv_env_target_alias_value=
ac_cv_func__doprnt=no
ac_cv_func_bind_textdomain_codeset=yes
ac_cv_func_dlopen=no
ac_cv_func_memcmp_working=yes
ac_cv_func_readlink=yes
ac_cv_func_shl_load=no
ac_cv_func_symlink=yes
ac_cv_func_tcgetattr=yes
ac_cv_func_tcsetattr=yes
ac_cv_func_uname=yes
ac_cv_func_vprintf=yes
ac_cv_header_Python_h=no
ac_cv_header_apr_memcache_h=yes
ac_cv_header_dlfcn_h=yes
ac_cv_header_elf_h=yes
ac_cv_header_inttypes_h=yes
ac_cv_header_magic_h=no
ac_cv_header_memory_h=yes
ac_cv_header_sasl_sasl_h=no
ac_cv_header_stdbool_h=yes
ac_cv_header_stdc=yes
ac_cv_header_stdint_h=yes
ac_cv_header_stdlib_h=yes
ac_cv_header_string_h=yes
ac_cv_header_strings_h=yes
ac_cv_header_sys_stat_h=yes
ac_cv_header_sys_types_h=yes
ac_cv_header_sys_utsname_h=yes
ac_cv_header_termios_h=yes
ac_cv_header_unistd_h=yes
ac_cv_host=x86_64-pc-linux-gnu
ac_cv_lib_aprutil_1_apr_memcache_create=yes
ac_cv_lib_dl_dlopen=yes
ac_cv_lib_dld_shl_load=no
ac_cv_lib_socket_socket=no
ac_cv_objext=o
ac_cv_path_CTYPESGEN=none
ac_cv_path_DOXYGEN=none
ac_cv_path_EGREP='/usr/bin/grep -E'
ac_cv_path_FGREP='/usr/bin/grep -F'
ac_cv_path_GREP=/usr/bin/grep
ac_cv_path_MSGFMT=/usr/bin/msgfmt
ac_cv_path_MSGMERGE=/usr/bin/msgmerge
ac_cv_path_PERL=/usr/bin/perl
ac_cv_path_PKG_CONFIG=/usr/bin/pkg-config
ac_cv_path_PYTHON=/usr/bin/python
ac_cv_path_SED=/usr/bin/sed
ac_cv_path_SWIG=none
ac_cv_path_TRANG=none
ac_cv_path_XGETTEXT=/usr/bin/xgettext
ac_cv_path_install='/usr/bin/install -c'
ac_cv_path_lt_DD=/usr/bin/dd
ac_cv_prog_AWK=gawk
ac_cv_prog_CPP='gcc -E'
ac_cv_prog_CXXCPP='g++ -E'
ac_cv_prog_ac_ct_AR=ar
ac_cv_prog_ac_ct_CC=gcc
ac_cv_prog_ac_ct_CXX=g++
ac_cv_prog_ac_ct_MANIFEST_TOOL=mt
ac_cv_prog_ac_ct_OBJDUMP=objdump
ac_cv_prog_ac_ct_RANLIB=ranlib
ac_cv_prog_ac_ct_STRIP=strip
ac_cv_prog_cc_c89=
ac_cv_prog_cc_g=yes
ac_cv_prog_cxx_g=yes
ac_cv_python_includes=-I/usr/include/python2.7
ac_cv_search_bindtextdomain='none required'
ac_cv_target=x86_64-pc-linux-gnu
ac_cv_type_size_t=yes
lt_cv_ar_at_file=@
lt_cv_archive_cmds_need_lc=no
lt_cv_deplibs_check_method=pass_all
lt_cv_file_magic_cmd='$MAGIC_CMD'
lt_cv_file_magic_test_file=
lt_cv_ld_reload_flag=-r
lt_cv_nm_interface='BSD nm'
lt_cv_objdir=.libs
lt_cv_path_LD=/usr/bin/ld
lt_cv_path_LDCXX='/usr/bin/ld -m elf_x86_64'
lt_cv_path_NM='/usr/bin/nm -B'
lt_cv_path_mainfest_tool=no
lt_cv_prog_compiler_c_o=yes
lt_cv_prog_compiler_c_o_CXX=yes
lt_cv_prog_compiler_pic='-fPIC -DPIC'
lt_cv_prog_compiler_pic_CXX='-fPIC -DPIC'
lt_cv_prog_compiler_pic_works=yes
lt_cv_prog_compiler_pic_works_CXX=yes
lt_cv_prog_compiler_rtti_exceptions=no
lt_cv_prog_compiler_static_works=yes
lt_cv_prog_compiler_static_works_CXX=yes
lt_cv_prog_gnu_ld=yes
lt_cv_prog_gnu_ldcxx=yes
lt_cv_sharedlib_from_linklib_cmd='printf %s\n'
lt_cv_shlibpath_overrides_runpath=yes
lt_cv_sys_global_symbol_pipe='sed -n -e '\''s/^.*[	 ]\([ABCDGIRSTW][ABCDGIRSTW]*\)[	 ][	 ]*\([_A-Za-z][_A-Za-z0-9]*\)$/\1 \2 \2/p'\'' | sed '\''/ __gnu_lto/d'\'''
lt_cv_sys_global_symbol_to_c_name_address='sed -n -e '\''s/^: \(.*\) .*$/  {"\1", (void *) 0},/p'\'' -e '\''s/^[ABCDGIRSTW][ABCDGIRSTW]* .* \(.*\)$/  {"\1", (void *) \&\1},/p'\'''
lt_cv_sys_global_symbol_to_c_name_address_lib_prefix='sed -n -e '\''s/^: \(.*\) .*$/  {"\1", (void *) 0},/p'\'' -e '\''s/^[ABCDGIRSTW][ABCDGIRSTW]* .* \(lib.*\)$/  {"\1", (void *) \&\1},/p'\'' -e '\''s/^[ABCDGIRSTW][ABCDGIRSTW]* .* \(.*\)$/  {"lib\1", (void *) \&\1},/p'\'''
lt_cv_sys_global_symbol_to_cdecl='sed -n -e '\''s/^T .* \(.*\)$/extern int \1();/p'\'' -e '\''s/^[ABCDGIRSTW][ABCDGIRSTW]* .* \(.*\)$/extern char \1;/p'\'''
lt_cv_sys_global_symbol_to_import=
lt_cv_sys_max_cmd_len=1572864
lt_cv_to_host_file_cmd=func_convert_file_noop
lt_cv_to_tool_file_cmd=func_convert_file_noop
lt_cv_truncate_bin='/usr/bin/dd bs=4096 count=1'
svn_cv_atomic_builtins=yes

## ----------------- ##
## Output variables. ##
## ----------------- ##

APACHE_INCLUDES=''
APACHE_LDFLAGS=''
APACHE_LIBEXECDIR='no'
APXS=''
AR='ar'
AWK='gawk'
BDB_TEST_DEPS=''
BDB_TEST_PROGRAMS=''
BOOST_CPPFLAGS='-I/usr/include'
BOOST_LDFLAGS='-L/usr/lib/x86_64-linux-gnu'
BOOST_UNIT_TEST_FRAMEWORK_LIB=''
BUILD_RULES='fsmod-lib ramod-lib lib bin test sub-test  tools locale'
CC='gcc'
CFLAGS='-g -O2  -g -O2 -pthread'
CMAINTAINERFLAGS=''
CMODEFLAGS='-std=c90 '
CNOWARNFLAGS='-w '
CPP='gcc -E'
CPPFLAGS='  -DLINUX -D_REENTRANT -D_GNU_SOURCE'
CTYPESGEN='none'
CUSERFLAGS=''
CXX='g++'
CXXCPP='g++ -E'
CXXFLAGS='-g -O2'
CXXMAINTAINERFLAGS=''
CXXMODEFLAGS='-std=c++11 '
CXXNOWARNFLAGS='-w '
CXXUSERFLAGS=''
DEFS='-DHAVE_CONFIG_H'
DLLTOOL='false'
DOXYGEN='none'
DSYMUTIL=''
DUMPBIN=''
ECHO_C=''
ECHO_N='-n'
ECHO_T=''
EGREP='/usr/bin/grep -E'
EXEEXT=''
FGREP='/usr/bin/grep -F'
FIX_JAVAHL_LIB=''
GETTEXT_CODESET=''
GREP='/usr/bin/grep'
HTTPD_VERSION=''
HTTPD_WHITELIST='no'
INCLUDE_OUTPUTS='include $(top_srcdir)/build-outputs.mk'
INSTALL_APACHE_MODS='false'
INSTALL_DATA='${INSTALL} -m 644'
INSTALL_EXTRA_JAVAHL_LIB=''
INSTALL_PROGRAM='${INSTALL}'
INSTALL_RULES='install-fsmod-lib install-ramod-lib install-lib install-include install-static  install-locale'
INSTALL_SCRIPT='${INSTALL}'
INSTALL_STATIC_RULES='install-bin install-docs'
JAR='none'
JAVA=''
JAVAC='none'
JAVAC_COMPAT_FLAGS=''
JAVAC_FLAGS=''
JAVADOC='none'
JAVAH='none'
JAVAHL_COMPAT_TESTS_TARGET=''
JAVAHL_OBJDIR=''
JAVAHL_TESTS_TARGET=''
JAVA_CLASSPATH=''
JDK=''
JNI_INCLUDES='none'
KDE_CONFIG=''
LD='/usr/bin/ld -m elf_x86_64'
LDFLAGS='  '
LIBOBJS=''
LIBS=''
LIBTOOL='$(SHELL) $(top_builddir)/libtool'
LIPO=''
LN_S='ln -s'
LTLIBOBJS=''
LT_CFLAGS=''
LT_CXX_LIBADD=''
LT_LDFLAGS=''
LT_NO_UNDEFINED=''
LT_SYS_LIBRARY_PATH=''
MANIFEST_TOOL=':'
MKDIR='/usr/bin/install -c -d'
MOD_ACTIVATION=''
MSGFMT='/usr/bin/msgfmt'
MSGFMTFLAGS='-c'
MSGMERGE='/usr/bin/msgmerge'
NM='/usr/bin/nm -B'
NMEDIT=''
NO_GETTEXT_CODESET='#'
OBJDUMP='objdump'
OBJEXT='o'
OTOOL64=''
OTOOL=''
PACKAGE_BUGREPORT='http://subversion.apache.org/'
PACKAGE_NAME='subversion'
PACKAGE_STRING='subversion '
PACKAGE_TARNAME='subversion'
PACKAGE_URL=''
PACKAGE_VERSION=''
PATH_SEPARATOR=':'
PERL='/usr/bin/perl'
PKG_CONFIG='/usr/bin/pkg-config'
PYTHON='/usr/bin/python'
RANLIB='ranlib'
RDOC=''
RUBY='none'
RUBY_MAJOR=''
RUBY_MINOR=''
RUBY_TEENY=''
SED='/usr/bin/sed'
SHELL='/bin/bash'
STRIP='strip'
SVN_APRUTIL_CONFIG='/usr/local/apr/bin/apu-1-config'
SVN_APRUTIL_INCLUDES=' -I/usr/local/apr/include/apr-1 '
SVN_APRUTIL_LIBS='-L/usr/local/apr/lib -laprutil-1'
SVN_APR_CONFIG='/usr/local/apr/bin/apr-1-config'
SVN_APR_INCLUDES=' -I/usr/local/apr/include/apr-1 '
SVN_APR_LIBS='-L/usr/local/apr/lib -lapr-1'
SVN_APR_MAJOR_VERSION='1'
SVN_APR_MEMCACHE_INCLUDES=''
SVN_APR_MEMCACHE_LIBS=''
SVN_APR_SHLIB_PATH_VAR='LD_LIBRARY_PATH'
SVN_BINDIR='/usr/local/bin'
SVN_BUILD_SVNXX='false'
SVN_BUILD_SVNXX_TESTS='false'
SVN_CONFIG_SCRIPT_FILES=' tools/backup/hot-backup.py tools/hook-scripts/commit-access-control.pl subversion/bindings/swig/perl/native/Makefile.PL'
SVN_DB_INCLUDES=''
SVN_DB_LIBS=''
SVN_FS_LIB_DEPS='$(FS_FS_DEPS) $(FS_X_DEPS)'
SVN_FS_LIB_INSTALL_DEPS='install-fsmod-lib'
SVN_FS_LIB_LINK='$(FS_FS_LINK) $(FS_X_LINK)'
SVN_GNOME_KEYRING_INCLUDES=''
SVN_GNOME_KEYRING_LIBS=''
SVN_GNOME_KEYRING_PCLIBS=''
SVN_HAVE_GPG_AGENT=''
SVN_INTL_LIBS=''
SVN_KWALLET_INCLUDES=''
SVN_KWALLET_LIBS=''
SVN_LIBTOOL='$(SHELL) "/home/angelo/Documents/source/subversion-1.14.1/libtool"'
SVN_LT_SOVERSION='-version-info 0'
SVN_LZ4_INCLUDES=''
SVN_LZ4_LIBS=''
SVN_MACOS_KEYCHAIN_LIBS=''
SVN_MACOS_PLIST_LIBS=''
SVN_MAGIC_INCLUDES=''
SVN_MAGIC_LIBS=''
SVN_PY3C_INCLUDES=''
SVN_RA_LIB_DEPS='$(RA_LOCAL_DEPS) $(RA_SVN_DEPS)'
SVN_RA_LIB_INSTALL_DEPS='install-ramod-lib'
SVN_RA_LIB_LINK='$(RA_LOCAL_LINK) $(RA_SVN_LINK)'
SVN_SASL_INCLUDES=''
SVN_SASL_LIBS=''
SVN_SERF_INCLUDES=''
SVN_SERF_LIBS=''
SVN_SQLITE_INCLUDES='-I/home/angelo/Documents/source/subversion-1.14.1/sqlite-amalgamation'
SVN_SQLITE_LIBS='-ldl -lpthread'
SVN_UTF8PROC_INCLUDES=''
SVN_UTF8PROC_LIBS=''
SVN_XML_INCLUDES=''
SVN_XML_LIBS='-lexpat'
SVN_ZLIB_INCLUDES=''
SVN_ZLIB_LIBS='-lz'
SWIG='none'
SWIG_FEATURES=''
SWIG_LDFLAGS=''
SWIG_PL_ERRMSG=''
SWIG_PL_FEATURES=''
SWIG_PL_INCLUDES='$(SWIG_INCLUDES)  -D_REENTRANT -D_GNU_SOURCE -DDEBIAN -fwrapv -fno-strict-aliasing -pipe -I/usr/local/include -D_LARGEFILE_SOURCE -D_FILE_OFFSET_BITS=64  -I/usr/lib/x86_64-linux-gnu/perl/5.32/CORE '
SWIG_PL_LINK='-Wl,-E -fstack-protector-strong -L/usr/local/lib -L/usr/lib/x86_64-linux-gnu/perl/5.32/CORE -lperl -ldl -lm -lpthread -lc -lcrypt'
SWIG_PY_COMPILE='none'
SWIG_PY_ERRMSG='no Python.h found'
SWIG_PY_FEATURES=''
SWIG_PY_INCLUDES='$(SWIG_INCLUDES) -I/usr/include/python2.7'
SWIG_PY_LIBS=''
SWIG_PY_LINK='none'
SWIG_PY_OPTS='none'
SWIG_RB_COMPILE='none'
SWIG_RB_ERRMSG='check config.log for details'
SWIG_RB_FEATURES=''
SWIG_RB_INCLUDES=''
SWIG_RB_LIBS=''
SWIG_RB_LINK='none'
SWIG_RB_SITE_ARCH_DIR=''
SWIG_RB_SITE_LIB_DIR=''
SWIG_RB_TEST_VERBOSE=''
TRANG='none'
TRANSFORM_LIBTOOL_SCRIPTS=''
XGETTEXT='/usr/bin/xgettext'
abs_builddir='/home/angelo/Documents/source/subversion-1.14.1'
abs_srcdir='/home/angelo/Documents/source/subversion-1.14.1'
ac_ct_AR='ar'
ac_ct_CC='gcc'
ac_ct_CXX='g++'
ac_ct_DUMPBIN=''
bindir='${exec_prefix}/bin'
build='x86_64-pc-linux-gnu'
build_alias=''
build_cpu='x86_64'
build_os='linux-gnu'
build_vendor='pc'
canonicalized_srcdir=''
datadir='${datarootdir}'
datarootdir='${prefix}/share'
docdir='${datarootdir}/doc/${PACKAGE_TARNAME}'
dvidir='${docdir}'
exec_prefix='${prefix}'
host='x86_64-pc-linux-gnu'
host_alias=''
host_cpu='x86_64'
host_os='linux-gnu'
host_vendor='pc'
htmldir='${docdir}'
includedir='${prefix}/include'
infodir='${datarootdir}/info'
libdir='${exec_prefix}/lib'
libexecdir='${exec_prefix}/libexec'
libsvn_client_LDFLAGS='-Wl,--no-undefined'
libsvn_delta_LDFLAGS='-Wl,--no-undefined'
libsvn_diff_LDFLAGS='-Wl,--no-undefined'
libsvn_fs_LDFLAGS='-Wl,--no-undefined'
libsvn_fs_base_LDFLAGS='-Wl,--no-undefined'
libsvn_fs_fs_LDFLAGS='-Wl,--no-undefined'
libsvn_fs_util_LDFLAGS='-Wl,--no-undefined'
libsvn_ra_LDFLAGS='-Wl,--no-undefined'
libsvn_ra_local_LDFLAGS='-Wl,--no-undefined'
libsvn_ra_serf_LDFLAGS='-Wl,--no-undefined'
libsvn_ra_svn_LDFLAGS='-Wl,--no-undefined'
libsvn_repos_LDFLAGS='-Wl,--no-undefined'
libsvn_subr_LDFLAGS='-Wl,--no-undefined'
libsvn_wc_LDFLAGS='-Wl,--no-undefined'
localedir='${datadir}/locale'
localstatedir='${prefix}/var'
mandir='${datarootdir}/man'
oldincludedir='/usr/include'
pdfdir='${docdir}'
prefix='/usr/local'
program_transform_name='s,x,x,'
psdir='${docdir}'
runstatedir='${localstatedir}/run'
sbindir='${exec_prefix}/sbin'
shared_only_LDFLAGS='-Wl,--no-undefined'
sharedstatedir='${prefix}/com'
sysconfdir='${prefix}/etc'
target='x86_64-pc-linux-gnu'
target_alias=''
target_cpu='x86_64'
target_os='linux-gnu'
target_vendor='pc'

## ----------- ##
## confdefs.h. ##
## ----------- ##

/* confdefs.h */
#define PACKAGE_NAME "subversion"
#define PACKAGE_TARNAME "subversion"
#define PACKAGE_VERSION ""
#define PACKAGE_STRING "subversion "
#define PACKAGE_BUGREPORT "http://subversion.apache.org/"
#define PACKAGE_URL ""
#define SVN_SOVERSION 0
#define STDC_HEADERS 1
#define HAVE_SYS_TYPES_H 1
#define HAVE_SYS_STAT_H 1
#define HAVE_STDLIB_H 1
#define HAVE_STRING_H 1
#define HAVE_MEMORY_H 1
#define HAVE_STRINGS_H 1
#define HAVE_INTTYPES_H 1
#define HAVE_STDINT_H 1
#define HAVE_UNISTD_H 1
#define SVN_HAVE_MEMCACHE 1
#define SVN_SQLITE_INLINE 1
#define SVN_HAS_ATOMIC_BUILTINS 1
#define SVN_BINDIR "/usr/local/bin"
#define SVN_LOCALE_DIR "/usr/local/share/locale"
#define HAVE_DLFCN_H 1
#define LT_OBJDIR ".libs/"
#define SVN_FS_WANT_DB_MAJOR 4
#define SVN_FS_WANT_DB_MINOR 0
#define SVN_FS_WANT_DB_PATCH 14
#define SVN_HAVE_GPG_AGENT 1
#define ENABLE_NLS 1
#define HAVE_BIND_TEXTDOMAIN_CODESET 1
#define SVN_DISABLE_PLAINTEXT_PASSWORD_STORAGE 1
#define STDC_HEADERS 1
#define HAVE_VPRINTF 1
#define HAVE_SYMLINK 1
#define HAVE_READLINK 1
#define HAVE_SYS_UTSNAME_H 1
#define HAVE_UNAME 1
#define HAVE_ELF_H 1
#define HAVE_TCGETATTR 1
#define HAVE_TERMIOS_H 1
#define HAVE_TCSETATTR 1
#define HAVE_TERMIOS_H 1
#define SVN_INTERNAL_LZ4 1
#define SVN_INTERNAL_UTF8PROC 1
#define SVN_LIBSVN_RA_LINKS_RA_LOCAL 1
#define SVN_LIBSVN_RA_LINKS_RA_SVN 1
#define SVN_LIBSVN_FS_LINKS_FS_FS 1
#define SVN_LIBSVN_FS_LINKS_FS_X 1
#define HAVE_BOOST /**/
#define HAVE_STDBOOL_H 1
#define HAVE_STDINT_H 1
#define SVN_PATH_LOCAL_SEPARATOR '/'
#define SVN_NULL_DEVICE_NAME "/dev/null"
#define DEFAULT_FS_TYPE "fsfs"
#define DEFAULT_HTTP_LIBRARY "serf"
#define SVN_BUILD_HOST "x86_64-pc-linux-gnu"
#define SVN_BUILD_TARGET "x86_64-pc-linux-gnu"

configure: exit 0
